This file contains any messages produced by compilers while
running configure, to aid debugging if configure makes a mistake.

It was created by libspectrum configure 1.4.4, which was
generated by GNU Autoconf 2.69.  Invocation command line was

  $ ./configure --with-fake-glib

## --------- ##
## Platform. ##
## --------- ##

hostname = fadedreamz-MS-7C37
uname -m = x86_64
uname -r = 5.8.0-38-generic
uname -s = Linux
uname -v = #43~20.04.1-Ubuntu SMP Tue Jan 12 16:39:47 UTC 2021

/usr/bin/uname -p = x86_64
/bin/uname -X     = unknown

/bin/arch              = x86_64
/usr/bin/arch -k       = unknown
/usr/convex/getsysinfo = unknown
/usr/bin/hostinfo      = unknown
/bin/machine           = unknown
/usr/bin/oslevel       = unknown
/bin/universe          = unknown

PATH: /home/fadedreamz/.cargo/bin
PATH: /home/fadedreamz/bin
PATH: /usr/local/sbin
PATH: /usr/local/bin
PATH: /usr/sbin
PATH: /usr/bin
PATH: /sbin
PATH: /bin
PATH: /usr/games
PATH: /usr/local/games
PATH: /snap/bin


## ----------- ##
## Core tests. ##
## ----------- ##

configure:2303: checking build system type
configure:2317: result: x86_64-unknown-linux-gnu
configure:2337: checking host system type
configure:2350: result: x86_64-unknown-linux-gnu
configure:2425: checking for pkg-config
configure:2443: found /usr/bin/pkg-config
configure:2455: result: /usr/bin/pkg-config
configure:2480: checking pkg-config is at least version 0.9.0
configure:2483: result: yes
configure:2523: checking for a BSD-compatible install
configure:2591: result: /usr/bin/install -c
configure:2602: checking whether build environment is sane
configure:2657: result: yes
configure:2806: checking for a thread-safe mkdir -p
configure:2845: result: /usr/bin/mkdir -p
configure:2852: checking for gawk
configure:2868: found /usr/bin/gawk
configure:2879: result: gawk
configure:2890: checking whether make sets $(MAKE)
configure:2912: result: yes
configure:2941: checking whether make supports nested variables
configure:2958: result: yes
configure:3053: checking whether make supports nested variables
configure:3070: result: yes
configure:3144: checking for gcc
configure:3160: found /usr/bin/gcc
configure:3171: result: gcc
configure:3400: checking for C compiler version
configure:3409: gcc --version >&5
gcc (Ubuntu 9.3.0-17ubuntu1~20.04) 9.3.0
Copyright (C) 2019 Free Software Foundation, Inc.
This is free software; see the source for copying conditions.  There is NO
warranty; not even for MERCHANTABILITY or FITNESS FOR A PARTICULAR PURPOSE.

configure:3420: $? = 0
configure:3409: gcc -v >&5
Using built-in specs.
COLLECT_GCC=gcc
COLLECT_LTO_WRAPPER=/usr/lib/gcc/x86_64-linux-gnu/9/lto-wrapper
OFFLOAD_TARGET_NAMES=nvptx-none:hsa
OFFLOAD_TARGET_DEFAULT=1
Target: x86_64-linux-gnu
Configured with: ../src/configure -v --with-pkgversion='Ubuntu 9.3.0-17ubuntu1~20.04' --with-bugurl=file:///usr/share/doc/gcc-9/README.Bugs --enable-languages=c,ada,c++,go,brig,d,fortran,objc,obj-c++,gm2 --prefix=/usr --with-gcc-major-version-only --program-suffix=-9 --program-prefix=x86_64-linux-gnu- --enable-shared --enable-linker-build-id --libexecdir=/usr/lib --without-included-gettext --enable-threads=posix --libdir=/usr/lib --enable-nls --enable-clocale=gnu --enable-libstdcxx-debug --enable-libstdcxx-time=yes --with-default-libstdcxx-abi=new --enable-gnu-unique-object --disable-vtable-verify --enable-plugin --enable-default-pie --with-system-zlib --with-target-system-zlib=auto --enable-objc-gc=auto --enable-multiarch --disable-werror --with-arch-32=i686 --with-abi=m64 --with-multilib-list=m32,m64,mx32 --enable-multilib --with-tune=generic --enable-offload-targets=nvptx-none=/build/gcc-9-HskZEa/gcc-9-9.3.0/debian/tmp-nvptx/usr,hsa --without-cuda-driver --enable-checking=release --build=x86_64-linux-gnu --host=x86_64-linux-gnu --target=x86_64-linux-gnu
Thread model: posix
gcc version 9.3.0 (Ubuntu 9.3.0-17ubuntu1~20.04) 
configure:3420: $? = 0
configure:3409: gcc -V >&5
gcc: error: unrecognized command line option '-V'
gcc: fatal error: no input files
compilation terminated.
configure:3420: $? = 1
configure:3409: gcc -qversion >&5
gcc: error: unrecognized command line option '-qversion'; did you mean '--version'?
gcc: fatal error: no input files
compilation terminated.
configure:3420: $? = 1
configure:3440: checking whether the C compiler works
configure:3462: gcc    conftest.c  >&5
configure:3466: $? = 0
configure:3514: result: yes
configure:3517: checking for C compiler default output file name
configure:3519: result: a.out
configure:3525: checking for suffix of executables
configure:3532: gcc -o conftest    conftest.c  >&5
configure:3536: $? = 0
configure:3558: result: 
configure:3580: checking whether we are cross compiling
configure:3588: gcc -o conftest    conftest.c  >&5
configure:3592: $? = 0
configure:3599: ./conftest
configure:3603: $? = 0
configure:3591: result: no
configure:3596: checking for suffix of object files
configure:3618: gcc -c   conftest.c >&5
configure:3622: $? = 0
configure:3643: result: o
configure:3647: checking whether we are using the GNU C compiler
configure:3666: gcc -c   conftest.c >&5
configure:3666: $? = 0
configure:3675: result: yes
configure:3684: checking whether gcc accepts -g
configure:3704: gcc -c -g  conftest.c >&5
configure:3704: $? = 0
configure:3745: result: yes
configure:3762: checking for gcc option to accept ISO C89
configure:3825: gcc  -c -g -O2  conftest.c >&5
configure:3825: $? = 0
configure:3838: result: none needed
configure:3869: checking for style of include used by make
configure:3897: result: GNU
configure:3923: checking dependency style of gcc
configure:4034: result: gcc3
configure:4096: checking for a C compiler for build tools
configure:4098: result: gcc
configure:4148: checking how to print strings
configure:4175: result: printf
configure:4196: checking for a sed that does not truncate output
configure:4260: result: /usr/bin/sed
configure:4278: checking for grep that handles long lines and -e
configure:4336: result: /usr/bin/grep
configure:4341: checking for egrep
configure:4403: result: /usr/bin/grep -E
configure:4408: checking for fgrep
configure:4470: result: /usr/bin/grep -F
configure:4505: checking for ld used by gcc
configure:4572: result: /usr/bin/ld
configure:4579: checking if the linker (/usr/bin/ld) is GNU ld
configure:4594: result: yes
configure:4606: checking for BSD- or MS-compatible name lister (nm)
configure:4655: result: /usr/bin/nm -B
configure:4785: checking the name lister (/usr/bin/nm -B) interface
configure:4792: gcc -c -g -O2  conftest.c >&5
configure:4795: /usr/bin/nm -B "conftest.o"
configure:4798: output
0000000000000000 B some_variable
configure:4799: result: BSD nm
configure:4802: checking whether ln -s works
configure:4806: result: yes
configure:4814: checking the maximum length of command line arguments
configure:4944: result: 1572864
configure:4961: checking whether the shell understands some XSI constructs
configure:4970: result: yes
configure:4974: checking whether the shell understands "+="
configure:4978: result: yes
configure:5013: checking how to convert x86_64-unknown-linux-gnu file names to x86_64-unknown-linux-gnu format
configure:5053: result: func_convert_file_noop
configure:5060: checking how to convert x86_64-unknown-linux-gnu file names to toolchain format
configure:5080: result: func_convert_file_noop
configure:5087: checking for /usr/bin/ld option to reload object files
configure:5094: result: -r
configure:5168: checking for objdump
configure:5184: found /usr/bin/objdump
configure:5195: result: objdump
configure:5227: checking how to recognize dependent libraries
configure:5429: result: pass_all
configure:5514: checking for dlltool
configure:5544: result: no
configure:5574: checking how to associate runtime and link libraries
configure:5601: result: printf %s\n
configure:5662: checking for ar
configure:5678: found /usr/bin/ar
configure:5689: result: ar
configure:5726: checking for archiver @FILE support
configure:5743: gcc -c -g -O2  conftest.c >&5
configure:5743: $? = 0
configure:5746: ar cru libconftest.a @conftest.lst >&5
ar: `u' modifier ignored since `D' is the default (see `U')
configure:5749: $? = 0
configure:5754: ar cru libconftest.a @conftest.lst >&5
ar: `u' modifier ignored since `D' is the default (see `U')
ar: conftest.o: No such file or directory
configure:5757: $? = 1
configure:5756: result: @
configure:5814: checking for strip
configure:5830: found /usr/bin/strip
configure:5841: result: strip
configure:5913: checking for ranlib
configure:5929: found /usr/bin/ranlib
configure:5940: result: ranlib
configure:6042: checking command to parse /usr/bin/nm -B output from gcc object
configure:6162: gcc -c -g -O2  conftest.c >&5
configure:6165: $? = 0
configure:6169: /usr/bin/nm -B conftest.o \| sed -n -e 's/^.*[ ]\([ABCDGIRSTW][ABCDGIRSTW]*\)[ ][ ]*\([_A-Za-z][_A-Za-z0-9]*\)$/\1 \2 \2/p' | sed '/ __gnu_lto/d' \> conftest.nm
configure:6172: $? = 0
configure:6238: gcc -o conftest -g -O2   conftest.c conftstm.o >&5
configure:6241: $? = 0
configure:6279: result: ok
configure:6316: checking for sysroot
configure:6346: result: no
configure:6423: gcc -c -g -O2  conftest.c >&5
configure:6426: $? = 0
configure:6602: checking for mt
configure:6618: found /usr/bin/mt
configure:6629: result: mt
configure:6652: checking if mt is a manifest tool
configure:6658: mt '-?'
configure:6666: result: no
configure:7308: checking how to run the C preprocessor
configure:7339: gcc -E  conftest.c
configure:7339: $? = 0
configure:7353: gcc -E  conftest.c
conftest.c:13:10: fatal error: ac_nonexistent.h: No such file or directory
   13 | #include <ac_nonexistent.h>
      |          ^~~~~~~~~~~~~~~~~~
compilation terminated.
configure:7353: $? = 1
configure: failed program was:
| /* confdefs.h */
| #define PACKAGE_NAME "libspectrum"
| #define PACKAGE_TARNAME "libspectrum"
| #define PACKAGE_VERSION "1.4.4"
| #define PACKAGE_STRING "libspectrum 1.4.4"
| #define PACKAGE_BUGREPORT "http://sourceforge.net/p/fuse-emulator/bugs/"
| #define PACKAGE_URL "http://fuse-emulator.sourceforge.net/libspectrum.php"
| #define PACKAGE "libspectrum"
| #define VERSION "1.4.4"
| #define LIBSPECTRUM_RC_VERSION 1,4,4,0
| #define LIBSPECTRUM_COPYRIGHT "(c) 1999-2018 Philip Kendall and others"
| /* end confdefs.h.  */
| #include <ac_nonexistent.h>
configure:7378: result: gcc -E
configure:7398: gcc -E  conftest.c
configure:7398: $? = 0
configure:7412: gcc -E  conftest.c
conftest.c:13:10: fatal error: ac_nonexistent.h: No such file or directory
   13 | #include <ac_nonexistent.h>
      |          ^~~~~~~~~~~~~~~~~~
compilation terminated.
configure:7412: $? = 1
configure: failed program was:
| /* confdefs.h */
| #define PACKAGE_NAME "libspectrum"
| #define PACKAGE_TARNAME "libspectrum"
| #define PACKAGE_VERSION "1.4.4"
| #define PACKAGE_STRING "libspectrum 1.4.4"
| #define PACKAGE_BUGREPORT "http://sourceforge.net/p/fuse-emulator/bugs/"
| #define PACKAGE_URL "http://fuse-emulator.sourceforge.net/libspectrum.php"
| #define PACKAGE "libspectrum"
| #define VERSION "1.4.4"
| #define LIBSPECTRUM_RC_VERSION 1,4,4,0
| #define LIBSPECTRUM_COPYRIGHT "(c) 1999-2018 Philip Kendall and others"
| /* end confdefs.h.  */
| #include <ac_nonexistent.h>
configure:7441: checking for ANSI C header files
configure:7461: gcc -c -g -O2  conftest.c >&5
configure:7461: $? = 0
configure:7534: gcc -o conftest -g -O2   conftest.c  >&5
configure:7534: $? = 0
configure:7534: ./conftest
configure:7534: $? = 0
configure:7545: result: yes
configure:7558: checking for sys/types.h
configure:7558: gcc -c -g -O2  conftest.c >&5
configure:7558: $? = 0
configure:7558: result: yes
configure:7558: checking for sys/stat.h
configure:7558: gcc -c -g -O2  conftest.c >&5
configure:7558: $? = 0
configure:7558: result: yes
configure:7558: checking for stdlib.h
configure:7558: gcc -c -g -O2  conftest.c >&5
configure:7558: $? = 0
configure:7558: result: yes
configure:7558: checking for string.h
configure:7558: gcc -c -g -O2  conftest.c >&5
configure:7558: $? = 0
configure:7558: result: yes
configure:7558: checking for memory.h
configure:7558: gcc -c -g -O2  conftest.c >&5
configure:7558: $? = 0
configure:7558: result: yes
configure:7558: checking for strings.h
configure:7558: gcc -c -g -O2  conftest.c >&5
configure:7558: $? = 0
configure:7558: result: yes
configure:7558: checking for inttypes.h
configure:7558: gcc -c -g -O2  conftest.c >&5
configure:7558: $? = 0
configure:7558: result: yes
configure:7558: checking for stdint.h
configure:7558: gcc -c -g -O2  conftest.c >&5
configure:7558: $? = 0
configure:7558: result: yes
configure:7558: checking for unistd.h
configure:7558: gcc -c -g -O2  conftest.c >&5
configure:7558: $? = 0
configure:7558: result: yes
configure:7572: checking for dlfcn.h
configure:7572: gcc -c -g -O2  conftest.c >&5
configure:7572: $? = 0
configure:7572: result: yes
configure:7778: checking for objdir
configure:7793: result: .libs
configure:8064: checking if gcc supports -fno-rtti -fno-exceptions
configure:8082: gcc -c -g -O2  -fno-rtti -fno-exceptions conftest.c >&5
cc1: warning: command line option '-fno-rtti' is valid for C++/D/ObjC++ but not for C
configure:8086: $? = 0
configure:8099: result: no
configure:8426: checking for gcc option to produce PIC
configure:8433: result: -fPIC -DPIC
configure:8441: checking if gcc PIC flag -fPIC -DPIC works
configure:8459: gcc -c -g -O2  -fPIC -DPIC -DPIC conftest.c >&5
configure:8463: $? = 0
configure:8476: result: yes
configure:8505: checking if gcc static flag -static works
configure:8533: result: yes
configure:8548: checking if gcc supports -c -o file.o
configure:8569: gcc -c -g -O2  -o out/conftest2.o conftest.c >&5
configure:8573: $? = 0
configure:8595: result: yes
configure:8603: checking if gcc supports -c -o file.o
configure:8650: result: yes
configure:8683: checking whether the gcc linker (/usr/bin/ld -m elf_x86_64) supports shared libraries
configure:9836: result: yes
configure:9873: checking whether -lc should be explicitly linked in
configure:9881: gcc -c -g -O2  conftest.c >&5
configure:9884: $? = 0
configure:9899: gcc -shared  -fPIC -DPIC conftest.o  -v -Wl,-soname -Wl,conftest -o conftest 2\>\&1 \| /usr/bin/grep  -lc  \>/dev/null 2\>\&1
configure:9902: $? = 0
configure:9916: result: no
configure:10076: checking dynamic linker characteristics
configure:10587: gcc -o conftest -g -O2   -Wl,-rpath -Wl,/foo conftest.c  >&5
configure:10587: $? = 0
configure:10813: result: GNU/Linux ld.so
configure:10920: checking how to hardcode library paths into programs
configure:10945: result: immediate
configure:11485: checking whether stripping libraries is possible
configure:11490: result: yes
configure:11525: checking if libtool supports shared libraries
configure:11527: result: yes
configure:11530: checking whether to build shared libraries
configure:11551: result: yes
configure:11554: checking whether to build static libraries
configure:11558: result: yes
configure:8603: checking for perl
configure:8621: found /usr/bin/perl
configure:8633: result: /usr/bin/perl
configure:8643: checking for ANSI C header files
configure:8747: result: yes
configure:8758: checking for stdint.h
configure:8758: result: yes
configure:8758: checking for strings.h
configure:8758: result: yes
configure:8758: checking for unistd.h
configure:8758: result: yes
configure:8769: checking for an ANSI C-conforming const
configure:8835: gcc -c -g -O2  conftest.c >&5
configure:8835: $? = 0
configure:8842: result: yes
configure:8959: checking whether byte ordering is bigendian
configure:8974: gcc -c -g -O2  conftest.c >&5
conftest.c:30:9: error: unknown type name 'not'
   30 |         not a universal capable compiler
      |         ^~~
conftest.c:30:15: error: expected '=', ',', ';', 'asm' or '__attribute__' before 'universal'
   30 |         not a universal capable compiler
      |               ^~~~~~~~~
conftest.c:30:15: error: unknown type name 'universal'
configure:8974: $? = 1
configure: failed program was:
| /* confdefs.h */
| #define PACKAGE_NAME "libspectrum"
| #define PACKAGE_TARNAME "libspectrum"
| #define PACKAGE_VERSION "1.4.4"
| #define PACKAGE_STRING "libspectrum 1.4.4"
| #define PACKAGE_BUGREPORT "http://sourceforge.net/p/fuse-emulator/bugs/"
| #define PACKAGE_URL "http://fuse-emulator.sourceforge.net/libspectrum.php"
| #define PACKAGE "libspectrum"
| #define VERSION "1.4.4"
| #define LIBSPECTRUM_RC_VERSION 1,4,4,0
| #define LIBSPECTRUM_COPYRIGHT "(c) 1999-2018 Philip Kendall and others"
| #define STDC_HEADERS 1
| #define HAVE_SYS_TYPES_H 1
| #define HAVE_SYS_STAT_H 1
| #define HAVE_STDLIB_H 1
| #define HAVE_STRING_H 1
| #define HAVE_MEMORY_H 1
| #define HAVE_STRINGS_H 1
| #define HAVE_INTTYPES_H 1
| #define HAVE_STDINT_H 1
| #define HAVE_UNISTD_H 1
| #define HAVE_DLFCN_H 1
| #define LT_OBJDIR ".libs/"
| #define STDC_HEADERS 1
| #define HAVE_STDINT_H 1
| #define HAVE_STRINGS_H 1
| #define HAVE_UNISTD_H 1
| /* end confdefs.h.  */
| #ifndef __APPLE_CC__
| 	       not a universal capable compiler
| 	     #endif
| 	     typedef int dummy;
| 
configure:9019: gcc -c -g -O2  conftest.c >&5
configure:9019: $? = 0
configure:9037: gcc -c -g -O2  conftest.c >&5
conftest.c: In function 'main':
conftest.c:36:4: error: unknown type name 'not'; did you mean 'ino_t'?
   36 |    not big endian
      |    ^~~
      |    ino_t
conftest.c:36:12: error: expected '=', ',', ';', 'asm' or '__attribute__' before 'endian'
   36 |    not big endian
      |            ^~~~~~
configure:9037: $? = 1
configure: failed program was:
| /* confdefs.h */
| #define PACKAGE_NAME "libspectrum"
| #define PACKAGE_TARNAME "libspectrum"
| #define PACKAGE_VERSION "1.4.4"
| #define PACKAGE_STRING "libspectrum 1.4.4"
| #define PACKAGE_BUGREPORT "http://sourceforge.net/p/fuse-emulator/bugs/"
| #define PACKAGE_URL "http://fuse-emulator.sourceforge.net/libspectrum.php"
| #define PACKAGE "libspectrum"
| #define VERSION "1.4.4"
| #define LIBSPECTRUM_RC_VERSION 1,4,4,0
| #define LIBSPECTRUM_COPYRIGHT "(c) 1999-2018 Philip Kendall and others"
| #define STDC_HEADERS 1
| #define HAVE_SYS_TYPES_H 1
| #define HAVE_SYS_STAT_H 1
| #define HAVE_STDLIB_H 1
| #define HAVE_STRING_H 1
| #define HAVE_MEMORY_H 1
| #define HAVE_STRINGS_H 1
| #define HAVE_INTTYPES_H 1
| #define HAVE_STDINT_H 1
| #define HAVE_UNISTD_H 1
| #define HAVE_DLFCN_H 1
| #define LT_OBJDIR ".libs/"
| #define STDC_HEADERS 1
| #define HAVE_STDINT_H 1
| #define HAVE_STRINGS_H 1
| #define HAVE_UNISTD_H 1
| /* end confdefs.h.  */
| #include <sys/types.h>
| 		#include <sys/param.h>
| 
| int
| main ()
| {
| #if BYTE_ORDER != BIG_ENDIAN
| 		 not big endian
| 		#endif
| 
|   ;
|   return 0;
| }
configure:9165: result: no
configure:9187: checking for _snprintf
configure:9187: gcc -o conftest -g -O2   conftest.c  >&5
/usr/bin/ld: /tmp/ccndEpVz.o: in function `main':
/home/fadedreamz/Desktop/fuse/fuse-libretro/libspectrum/conftest.c:63: undefined reference to `_snprintf'
collect2: error: ld returned 1 exit status
configure:9187: $? = 1
configure: failed program was:
| /* confdefs.h */
| #define PACKAGE_NAME "libspectrum"
| #define PACKAGE_TARNAME "libspectrum"
| #define PACKAGE_VERSION "1.4.4"
| #define PACKAGE_STRING "libspectrum 1.4.4"
| #define PACKAGE_BUGREPORT "http://sourceforge.net/p/fuse-emulator/bugs/"
| #define PACKAGE_URL "http://fuse-emulator.sourceforge.net/libspectrum.php"
| #define PACKAGE "libspectrum"
| #define VERSION "1.4.4"
| #define LIBSPECTRUM_RC_VERSION 1,4,4,0
| #define LIBSPECTRUM_COPYRIGHT "(c) 1999-2018 Philip Kendall and others"
| #define STDC_HEADERS 1
| #define HAVE_SYS_TYPES_H 1
| #define HAVE_SYS_STAT_H 1
| #define HAVE_STDLIB_H 1
| #define HAVE_STRING_H 1
| #define HAVE_MEMORY_H 1
| #define HAVE_STRINGS_H 1
| #define HAVE_INTTYPES_H 1
| #define HAVE_STDINT_H 1
| #define HAVE_UNISTD_H 1
| #define HAVE_DLFCN_H 1
| #define LT_OBJDIR ".libs/"
| #define STDC_HEADERS 1
| #define HAVE_STDINT_H 1
| #define HAVE_STRINGS_H 1
| #define HAVE_UNISTD_H 1
| /* end confdefs.h.  */
| /* Define _snprintf to an innocuous variant, in case <limits.h> declares _snprintf.
|    For example, HP-UX 11i <limits.h> declares gettimeofday.  */
| #define _snprintf innocuous__snprintf
| 
| /* System header to define __stub macros and hopefully few prototypes,
|     which can conflict with char _snprintf (); below.
|     Prefer <limits.h> to <assert.h> if __STDC__ is defined, since
|     <limits.h> exists even on freestanding compilers.  */
| 
| #ifdef __STDC__
| # include <limits.h>
| #else
| # include <assert.h>
| #endif
| 
| #undef _snprintf
| 
| /* Override any GCC internal prototype to avoid an error.
|    Use char because int might match the return type of a GCC
|    builtin and then its argument prototype would still apply.  */
| #ifdef __cplusplus
| extern "C"
| #endif
| char _snprintf ();
| /* The GNU C library defines this for functions which it implements
|     to always fail with ENOSYS.  Some functions are actually named
|     something starting with __ and the normal name is an alias.  */
| #if defined __stub__snprintf || defined __stub____snprintf
| choke me
| #endif
| 
| int
| main ()
| {
| return _snprintf ();
|   ;
|   return 0;
| }
configure:9187: result: no
configure:9187: checking for _stricmp
configure:9187: gcc -o conftest -g -O2   conftest.c  >&5
/usr/bin/ld: /tmp/cct5aFnW.o: in function `main':
/home/fadedreamz/Desktop/fuse/fuse-libretro/libspectrum/conftest.c:63: undefined reference to `_stricmp'
collect2: error: ld returned 1 exit status
configure:9187: $? = 1
configure: failed program was:
| /* confdefs.h */
| #define PACKAGE_NAME "libspectrum"
| #define PACKAGE_TARNAME "libspectrum"
| #define PACKAGE_VERSION "1.4.4"
| #define PACKAGE_STRING "libspectrum 1.4.4"
| #define PACKAGE_BUGREPORT "http://sourceforge.net/p/fuse-emulator/bugs/"
| #define PACKAGE_URL "http://fuse-emulator.sourceforge.net/libspectrum.php"
| #define PACKAGE "libspectrum"
| #define VERSION "1.4.4"
| #define LIBSPECTRUM_RC_VERSION 1,4,4,0
| #define LIBSPECTRUM_COPYRIGHT "(c) 1999-2018 Philip Kendall and others"
| #define STDC_HEADERS 1
| #define HAVE_SYS_TYPES_H 1
| #define HAVE_SYS_STAT_H 1
| #define HAVE_STDLIB_H 1
| #define HAVE_STRING_H 1
| #define HAVE_MEMORY_H 1
| #define HAVE_STRINGS_H 1
| #define HAVE_INTTYPES_H 1
| #define HAVE_STDINT_H 1
| #define HAVE_UNISTD_H 1
| #define HAVE_DLFCN_H 1
| #define LT_OBJDIR ".libs/"
| #define STDC_HEADERS 1
| #define HAVE_STDINT_H 1
| #define HAVE_STRINGS_H 1
| #define HAVE_UNISTD_H 1
| /* end confdefs.h.  */
| /* Define _stricmp to an innocuous variant, in case <limits.h> declares _stricmp.
|    For example, HP-UX 11i <limits.h> declares gettimeofday.  */
| #define _stricmp innocuous__stricmp
| 
| /* System header to define __stub macros and hopefully few prototypes,
|     which can conflict with char _stricmp (); below.
|     Prefer <limits.h> to <assert.h> if __STDC__ is defined, since
|     <limits.h> exists even on freestanding compilers.  */
| 
| #ifdef __STDC__
| # include <limits.h>
| #else
| # include <assert.h>
| #endif
| 
| #undef _stricmp
| 
| /* Override any GCC internal prototype to avoid an error.
|    Use char because int might match the return type of a GCC
|    builtin and then its argument prototype would still apply.  */
| #ifdef __cplusplus
| extern "C"
| #endif
| char _stricmp ();
| /* The GNU C library defines this for functions which it implements
|     to always fail with ENOSYS.  Some functions are actually named
|     something starting with __ and the normal name is an alias.  */
| #if defined __stub__stricmp || defined __stub____stricmp
| choke me
| #endif
| 
| int
| main ()
| {
| return _stricmp ();
|   ;
|   return 0;
| }
configure:9187: result: no
configure:9187: checking for _strnicmp
configure:9187: gcc -o conftest -g -O2   conftest.c  >&5
/usr/bin/ld: /tmp/cc2acQmk.o: in function `main':
/home/fadedreamz/Desktop/fuse/fuse-libretro/libspectrum/conftest.c:63: undefined reference to `_strnicmp'
collect2: error: ld returned 1 exit status
configure:9187: $? = 1
configure: failed program was:
| /* confdefs.h */
| #define PACKAGE_NAME "libspectrum"
| #define PACKAGE_TARNAME "libspectrum"
| #define PACKAGE_VERSION "1.4.4"
| #define PACKAGE_STRING "libspectrum 1.4.4"
| #define PACKAGE_BUGREPORT "http://sourceforge.net/p/fuse-emulator/bugs/"
| #define PACKAGE_URL "http://fuse-emulator.sourceforge.net/libspectrum.php"
| #define PACKAGE "libspectrum"
| #define VERSION "1.4.4"
| #define LIBSPECTRUM_RC_VERSION 1,4,4,0
| #define LIBSPECTRUM_COPYRIGHT "(c) 1999-2018 Philip Kendall and others"
| #define STDC_HEADERS 1
| #define HAVE_SYS_TYPES_H 1
| #define HAVE_SYS_STAT_H 1
| #define HAVE_STDLIB_H 1
| #define HAVE_STRING_H 1
| #define HAVE_MEMORY_H 1
| #define HAVE_STRINGS_H 1
| #define HAVE_INTTYPES_H 1
| #define HAVE_STDINT_H 1
| #define HAVE_UNISTD_H 1
| #define HAVE_DLFCN_H 1
| #define LT_OBJDIR ".libs/"
| #define STDC_HEADERS 1
| #define HAVE_STDINT_H 1
| #define HAVE_STRINGS_H 1
| #define HAVE_UNISTD_H 1
| /* end confdefs.h.  */
| /* Define _strnicmp to an innocuous variant, in case <limits.h> declares _strnicmp.
|    For example, HP-UX 11i <limits.h> declares gettimeofday.  */
| #define _strnicmp innocuous__strnicmp
| 
| /* System header to define __stub macros and hopefully few prototypes,
|     which can conflict with char _strnicmp (); below.
|     Prefer <limits.h> to <assert.h> if __STDC__ is defined, since
|     <limits.h> exists even on freestanding compilers.  */
| 
| #ifdef __STDC__
| # include <limits.h>
| #else
| # include <assert.h>
| #endif
| 
| #undef _strnicmp
| 
| /* Override any GCC internal prototype to avoid an error.
|    Use char because int might match the return type of a GCC
|    builtin and then its argument prototype would still apply.  */
| #ifdef __cplusplus
| extern "C"
| #endif
| char _strnicmp ();
| /* The GNU C library defines this for functions which it implements
|     to always fail with ENOSYS.  Some functions are actually named
|     something starting with __ and the normal name is an alias.  */
| #if defined __stub__strnicmp || defined __stub____strnicmp
| choke me
| #endif
| 
| int
| main ()
| {
| return _strnicmp ();
|   ;
|   return 0;
| }
configure:9187: result: no
configure:9187: checking for snprintf
configure:9187: gcc -o conftest -g -O2   conftest.c  >&5
conftest.c:52:6: warning: conflicting types for built-in function 'snprintf'; expected 'int(char *, long unsigned int,  const char *, ...)' [-Wbuiltin-declaration-mismatch]
   52 | char snprintf ();
      |      ^~~~~~~~
conftest.c:40:1: note: 'snprintf' is declared in header '<stdio.h>'
   39 | # include <limits.h>
   40 | #else
configure:9187: $? = 0
configure:9187: result: yes
configure:9187: checking for strcasecmp
configure:9187: gcc -o conftest -g -O2   conftest.c  >&5
conftest.c:53:6: warning: conflicting types for built-in function 'strcasecmp'; expected 'int(const char *, const char *)' [-Wbuiltin-declaration-mismatch]
   53 | char strcasecmp ();
      |      ^~~~~~~~~~
configure:9187: $? = 0
configure:9187: result: yes
configure:9187: checking for strncasecmp
configure:9187: gcc -o conftest -g -O2   conftest.c  >&5
conftest.c:54:6: warning: conflicting types for built-in function 'strncasecmp'; expected 'int(const char *, const char *, long unsigned int)' [-Wbuiltin-declaration-mismatch]
   54 | char strncasecmp ();
      |      ^~~~~~~~~~~
configure:9187: $? = 0
configure:9187: result: yes
configure:9208: checking whether to use zlib
configure:9218: result: yes
configure:9224: checking zlib.h usability
configure:9224: gcc -c -g -O2  conftest.c >&5
configure:9224: $? = 0
configure:9224: result: yes
configure:9224: checking zlib.h presence
configure:9224: gcc -E  conftest.c
configure:9224: $? = 0
configure:9224: result: yes
configure:9224: checking for zlib.h
configure:9224: result: yes
configure:9229: checking for library containing compress2
configure:9260: gcc -o conftest -g -O2   conftest.c  >&5
/usr/bin/ld: /tmp/cc0MrfIl.o: in function `main':
/home/fadedreamz/Desktop/fuse/fuse-libretro/libspectrum/conftest.c:44: undefined reference to `compress2'
collect2: error: ld returned 1 exit status
configure:9260: $? = 1
configure: failed program was:
| /* confdefs.h */
| #define PACKAGE_NAME "libspectrum"
| #define PACKAGE_TARNAME "libspectrum"
| #define PACKAGE_VERSION "1.4.4"
| #define PACKAGE_STRING "libspectrum 1.4.4"
| #define PACKAGE_BUGREPORT "http://sourceforge.net/p/fuse-emulator/bugs/"
| #define PACKAGE_URL "http://fuse-emulator.sourceforge.net/libspectrum.php"
| #define PACKAGE "libspectrum"
| #define VERSION "1.4.4"
| #define LIBSPECTRUM_RC_VERSION 1,4,4,0
| #define LIBSPECTRUM_COPYRIGHT "(c) 1999-2018 Philip Kendall and others"
| #define STDC_HEADERS 1
| #define HAVE_SYS_TYPES_H 1
| #define HAVE_SYS_STAT_H 1
| #define HAVE_STDLIB_H 1
| #define HAVE_STRING_H 1
| #define HAVE_MEMORY_H 1
| #define HAVE_STRINGS_H 1
| #define HAVE_INTTYPES_H 1
| #define HAVE_STDINT_H 1
| #define HAVE_UNISTD_H 1
| #define HAVE_DLFCN_H 1
| #define LT_OBJDIR ".libs/"
| #define STDC_HEADERS 1
| #define HAVE_STDINT_H 1
| #define HAVE_STRINGS_H 1
| #define HAVE_UNISTD_H 1
| #define HAVE_SNPRINTF 1
| #define HAVE_STRCASECMP 1
| #define HAVE_STRNCASECMP 1
| #define HAVE_ZLIB_H 1
| /* end confdefs.h.  */
| 
| /* Override any GCC internal prototype to avoid an error.
|    Use char because int might match the return type of a GCC
|    builtin and then its argument prototype would still apply.  */
| #ifdef __cplusplus
| extern "C"
| #endif
| char compress2 ();
| int
| main ()
| {
| return compress2 ();
|   ;
|   return 0;
| }
configure:9260: gcc -o conftest -g -O2   conftest.c -lz   >&5
configure:9260: $? = 0
configure:9277: result: -lz
configure:9301: checking whether to use libgcrypt
configure:9311: result: yes
configure:9317: checking gcrypt.h usability
configure:9317: gcc -c -g -O2  conftest.c >&5
conftest.c:66:10: fatal error: gcrypt.h: No such file or directory
   66 | #include <gcrypt.h>
      |          ^~~~~~~~~~
compilation terminated.
configure:9317: $? = 1
configure: failed program was:
| /* confdefs.h */
| #define PACKAGE_NAME "libspectrum"
| #define PACKAGE_TARNAME "libspectrum"
| #define PACKAGE_VERSION "1.4.4"
| #define PACKAGE_STRING "libspectrum 1.4.4"
| #define PACKAGE_BUGREPORT "http://sourceforge.net/p/fuse-emulator/bugs/"
| #define PACKAGE_URL "http://fuse-emulator.sourceforge.net/libspectrum.php"
| #define PACKAGE "libspectrum"
| #define VERSION "1.4.4"
| #define LIBSPECTRUM_RC_VERSION 1,4,4,0
| #define LIBSPECTRUM_COPYRIGHT "(c) 1999-2018 Philip Kendall and others"
| #define STDC_HEADERS 1
| #define HAVE_SYS_TYPES_H 1
| #define HAVE_SYS_STAT_H 1
| #define HAVE_STDLIB_H 1
| #define HAVE_STRING_H 1
| #define HAVE_MEMORY_H 1
| #define HAVE_STRINGS_H 1
| #define HAVE_INTTYPES_H 1
| #define HAVE_STDINT_H 1
| #define HAVE_UNISTD_H 1
| #define HAVE_DLFCN_H 1
| #define LT_OBJDIR ".libs/"
| #define STDC_HEADERS 1
| #define HAVE_STDINT_H 1
| #define HAVE_STRINGS_H 1
| #define HAVE_UNISTD_H 1
| #define HAVE_SNPRINTF 1
| #define HAVE_STRCASECMP 1
| #define HAVE_STRNCASECMP 1
| #define HAVE_ZLIB_H 1
| /* end confdefs.h.  */
| #include <stdio.h>
| #ifdef HAVE_SYS_TYPES_H
| # include <sys/types.h>
| #endif
| #ifdef HAVE_SYS_STAT_H
| # include <sys/stat.h>
| #endif
| #ifdef STDC_HEADERS
| # include <stdlib.h>
| # include <stddef.h>
| #else
| # ifdef HAVE_STDLIB_H
| #  include <stdlib.h>
| # endif
| #endif
| #ifdef HAVE_STRING_H
| # if !defined STDC_HEADERS && defined HAVE_MEMORY_H
| #  include <memory.h>
| # endif
| # include <string.h>
| #endif
| #ifdef HAVE_STRINGS_H
| # include <strings.h>
| #endif
| #ifdef HAVE_INTTYPES_H
| # include <inttypes.h>
| #endif
| #ifdef HAVE_STDINT_H
| # include <stdint.h>
| #endif
| #ifdef HAVE_UNISTD_H
| # include <unistd.h>
| #endif
| #include <gcrypt.h>
configure:9317: result: no
configure:9317: checking gcrypt.h presence
configure:9317: gcc -E  conftest.c
conftest.c:33:10: fatal error: gcrypt.h: No such file or directory
   33 | #include <gcrypt.h>
      |          ^~~~~~~~~~
compilation terminated.
configure:9317: $? = 1
configure: failed program was:
| /* confdefs.h */
| #define PACKAGE_NAME "libspectrum"
| #define PACKAGE_TARNAME "libspectrum"
| #define PACKAGE_VERSION "1.4.4"
| #define PACKAGE_STRING "libspectrum 1.4.4"
| #define PACKAGE_BUGREPORT "http://sourceforge.net/p/fuse-emulator/bugs/"
| #define PACKAGE_URL "http://fuse-emulator.sourceforge.net/libspectrum.php"
| #define PACKAGE "libspectrum"
| #define VERSION "1.4.4"
| #define LIBSPECTRUM_RC_VERSION 1,4,4,0
| #define LIBSPECTRUM_COPYRIGHT "(c) 1999-2018 Philip Kendall and others"
| #define STDC_HEADERS 1
| #define HAVE_SYS_TYPES_H 1
| #define HAVE_SYS_STAT_H 1
| #define HAVE_STDLIB_H 1
| #define HAVE_STRING_H 1
| #define HAVE_MEMORY_H 1
| #define HAVE_STRINGS_H 1
| #define HAVE_INTTYPES_H 1
| #define HAVE_STDINT_H 1
| #define HAVE_UNISTD_H 1
| #define HAVE_DLFCN_H 1
| #define LT_OBJDIR ".libs/"
| #define STDC_HEADERS 1
| #define HAVE_STDINT_H 1
| #define HAVE_STRINGS_H 1
| #define HAVE_UNISTD_H 1
| #define HAVE_SNPRINTF 1
| #define HAVE_STRCASECMP 1
| #define HAVE_STRNCASECMP 1
| #define HAVE_ZLIB_H 1
| /* end confdefs.h.  */
| #include <gcrypt.h>
configure:9317: result: no
configure:9317: checking for gcrypt.h
configure:9317: result: no
configure:9330: checking whether to use libbz2
configure:9340: result: yes
configure:9344: checking bzlib.h usability
configure:9344: gcc -c -g -O2  conftest.c >&5
conftest.c:66:10: fatal error: bzlib.h: No such file or directory
   66 | #include <bzlib.h>
      |          ^~~~~~~~~
compilation terminated.
configure:9344: $? = 1
configure: failed program was:
| /* confdefs.h */
| #define PACKAGE_NAME "libspectrum"
| #define PACKAGE_TARNAME "libspectrum"
| #define PACKAGE_VERSION "1.4.4"
| #define PACKAGE_STRING "libspectrum 1.4.4"
| #define PACKAGE_BUGREPORT "http://sourceforge.net/p/fuse-emulator/bugs/"
| #define PACKAGE_URL "http://fuse-emulator.sourceforge.net/libspectrum.php"
| #define PACKAGE "libspectrum"
| #define VERSION "1.4.4"
| #define LIBSPECTRUM_RC_VERSION 1,4,4,0
| #define LIBSPECTRUM_COPYRIGHT "(c) 1999-2018 Philip Kendall and others"
| #define STDC_HEADERS 1
| #define HAVE_SYS_TYPES_H 1
| #define HAVE_SYS_STAT_H 1
| #define HAVE_STDLIB_H 1
| #define HAVE_STRING_H 1
| #define HAVE_MEMORY_H 1
| #define HAVE_STRINGS_H 1
| #define HAVE_INTTYPES_H 1
| #define HAVE_STDINT_H 1
| #define HAVE_UNISTD_H 1
| #define HAVE_DLFCN_H 1
| #define LT_OBJDIR ".libs/"
| #define STDC_HEADERS 1
| #define HAVE_STDINT_H 1
| #define HAVE_STRINGS_H 1
| #define HAVE_UNISTD_H 1
| #define HAVE_SNPRINTF 1
| #define HAVE_STRCASECMP 1
| #define HAVE_STRNCASECMP 1
| #define HAVE_ZLIB_H 1
| /* end confdefs.h.  */
| #include <stdio.h>
| #ifdef HAVE_SYS_TYPES_H
| # include <sys/types.h>
| #endif
| #ifdef HAVE_SYS_STAT_H
| # include <sys/stat.h>
| #endif
| #ifdef STDC_HEADERS
| # include <stdlib.h>
| # include <stddef.h>
| #else
| # ifdef HAVE_STDLIB_H
| #  include <stdlib.h>
| # endif
| #endif
| #ifdef HAVE_STRING_H
| # if !defined STDC_HEADERS && defined HAVE_MEMORY_H
| #  include <memory.h>
| # endif
| # include <string.h>
| #endif
| #ifdef HAVE_STRINGS_H
| # include <strings.h>
| #endif
| #ifdef HAVE_INTTYPES_H
| # include <inttypes.h>
| #endif
| #ifdef HAVE_STDINT_H
| # include <stdint.h>
| #endif
| #ifdef HAVE_UNISTD_H
| # include <unistd.h>
| #endif
| #include <bzlib.h>
configure:9344: result: no
configure:9344: checking bzlib.h presence
configure:9344: gcc -E  conftest.c
conftest.c:33:10: fatal error: bzlib.h: No such file or directory
   33 | #include <bzlib.h>
      |          ^~~~~~~~~
compilation terminated.
configure:9344: $? = 1
configure: failed program was:
| /* confdefs.h */
| #define PACKAGE_NAME "libspectrum"
| #define PACKAGE_TARNAME "libspectrum"
| #define PACKAGE_VERSION "1.4.4"
| #define PACKAGE_STRING "libspectrum 1.4.4"
| #define PACKAGE_BUGREPORT "http://sourceforge.net/p/fuse-emulator/bugs/"
| #define PACKAGE_URL "http://fuse-emulator.sourceforge.net/libspectrum.php"
| #define PACKAGE "libspectrum"
| #define VERSION "1.4.4"
| #define LIBSPECTRUM_RC_VERSION 1,4,4,0
| #define LIBSPECTRUM_COPYRIGHT "(c) 1999-2018 Philip Kendall and others"
| #define STDC_HEADERS 1
| #define HAVE_SYS_TYPES_H 1
| #define HAVE_SYS_STAT_H 1
| #define HAVE_STDLIB_H 1
| #define HAVE_STRING_H 1
| #define HAVE_MEMORY_H 1
| #define HAVE_STRINGS_H 1
| #define HAVE_INTTYPES_H 1
| #define HAVE_STDINT_H 1
| #define HAVE_UNISTD_H 1
| #define HAVE_DLFCN_H 1
| #define LT_OBJDIR ".libs/"
| #define STDC_HEADERS 1
| #define HAVE_STDINT_H 1
| #define HAVE_STRINGS_H 1
| #define HAVE_UNISTD_H 1
| #define HAVE_SNPRINTF 1
| #define HAVE_STRCASECMP 1
| #define HAVE_STRNCASECMP 1
| #define HAVE_ZLIB_H 1
| /* end confdefs.h.  */
| #include <bzlib.h>
configure:9344: result: no
configure:9344: checking for bzlib.h
configure:9344: result: no
configure:9398: checking whether to use internal GLib replacement
configure:9408: result: yes
configure:9493: checking stdatomic.h usability
configure:9493: gcc -c -g -O2  conftest.c >&5
configure:9493: $? = 0
configure:9493: result: yes
configure:9493: checking stdatomic.h presence
configure:9493: gcc -E  conftest.c
configure:9493: $? = 0
configure:9493: result: yes
configure:9493: checking for stdatomic.h
configure:9493: result: yes
configure:9525: checking whether lots of warnings requested
configure:9538: result: no
configure:9545: checking whether to use libaudiofile
configure:9555: result: yes
configure:9562: checking for AUDIOFILE
configure:9569: $PKG_CONFIG --exists --print-errors "audiofile"
Package audiofile was not found in the pkg-config search path.
Perhaps you should add the directory containing `audiofile.pc'
to the PKG_CONFIG_PATH environment variable
No package 'audiofile' found
configure:9572: $? = 1
configure:9586: $PKG_CONFIG --exists --print-errors "audiofile"
Package audiofile was not found in the pkg-config search path.
Perhaps you should add the directory containing `audiofile.pc'
to the PKG_CONFIG_PATH environment variable
No package 'audiofile' found
configure:9589: $? = 1
configure:9603: result: no
No package 'audiofile' found
configure:9676: checking for audiofile-config
configure:9707: result: no
configure:9716: checking for Audio File Library - version >= 0.2.3
configure:9831: result: no
configure:10019: checking that generated files are newer than configure
configure:10025: result: done
configure:10061: creating ./config.status

## ---------------------- ##
## Running config.status. ##
## ---------------------- ##

This file was extended by libspectrum config.status 1.4.4, which was
generated by GNU Autoconf 2.69.  Invocation command line was

  CONFIG_FILES    = 
  CONFIG_HEADERS  = 
  CONFIG_LINKS    = 
  CONFIG_COMMANDS = 
  $ ./config.status 

on fadedreamz-MS-7C37

config.status:1113: creating Makefile
config.status:1113: creating libspectrum.qpg
config.status:1113: creating libspectrum.pc
config.status:1113: creating config.h
config.status:1342: executing depfiles commands
config.status:1342: executing libtool commands

## ---------------- ##
## Cache variables. ##
## ---------------- ##

ac_cv_build=x86_64-unknown-linux-gnu
ac_cv_c_bigendian=no
ac_cv_c_compiler_gnu=yes
ac_cv_c_const=yes
ac_cv_env_AUDIOFILE_CFLAGS_set=
ac_cv_env_AUDIOFILE_CFLAGS_value=
ac_cv_env_AUDIOFILE_LIBS_set=
ac_cv_env_AUDIOFILE_LIBS_value=
ac_cv_env_CC_set=
ac_cv_env_CC_value=
ac_cv_env_CFLAGS_set=
ac_cv_env_CFLAGS_value=
ac_cv_env_CPPFLAGS_set=
ac_cv_env_CPPFLAGS_value=
ac_cv_env_CPP_set=
ac_cv_env_CPP_value=
ac_cv_env_GLIB_CFLAGS_set=
ac_cv_env_GLIB_CFLAGS_value=
ac_cv_env_GLIB_LIBS_set=
ac_cv_env_GLIB_LIBS_value=
ac_cv_env_LDFLAGS_set=
ac_cv_env_LDFLAGS_value=
ac_cv_env_LIBS_set=
ac_cv_env_LIBS_value=
ac_cv_env_PKG_CONFIG_LIBDIR_set=
ac_cv_env_PKG_CONFIG_LIBDIR_value=
ac_cv_env_PKG_CONFIG_PATH_set=
ac_cv_env_PKG_CONFIG_PATH_value=
ac_cv_env_PKG_CONFIG_set=
ac_cv_env_PKG_CONFIG_value=
ac_cv_env_build_alias_set=
ac_cv_env_build_alias_value=
ac_cv_env_host_alias_set=
ac_cv_env_host_alias_value=
ac_cv_env_target_alias_set=
ac_cv_env_target_alias_value=
ac_cv_func__snprintf=no
ac_cv_func__stricmp=no
ac_cv_func__strnicmp=no
ac_cv_func_snprintf=yes
ac_cv_func_strcasecmp=yes
ac_cv_func_strncasecmp=yes
ac_cv_header_bzlib_h=no
ac_cv_header_dlfcn_h=yes
ac_cv_header_gcrypt_h=no
ac_cv_header_inttypes_h=yes
ac_cv_header_memory_h=yes
ac_cv_header_stdatomic_h=yes
ac_cv_header_stdc=yes
ac_cv_header_stdint_h=yes
ac_cv_header_stdlib_h=yes
ac_cv_header_string_h=yes
ac_cv_header_strings_h=yes
ac_cv_header_sys_stat_h=yes
ac_cv_header_sys_types_h=yes
ac_cv_header_unistd_h=yes
ac_cv_header_zlib_h=yes
ac_cv_host=x86_64-unknown-linux-gnu
ac_cv_objext=o
ac_cv_path_AUDIOFILE_CONFIG=no
ac_cv_path_EGREP='/usr/bin/grep -E'
ac_cv_path_FGREP='/usr/bin/grep -F'
ac_cv_path_GREP=/usr/bin/grep
ac_cv_path_PERL=/usr/bin/perl
ac_cv_path_SED=/usr/bin/sed
ac_cv_path_ac_pt_PKG_CONFIG=/usr/bin/pkg-config
ac_cv_path_install='/usr/bin/install -c'
ac_cv_path_mkdir=/usr/bin/mkdir
ac_cv_prog_AWK=gawk
ac_cv_prog_CPP='gcc -E'
ac_cv_prog_ac_ct_AR=ar
ac_cv_prog_ac_ct_CC=gcc
ac_cv_prog_ac_ct_MANIFEST_TOOL=mt
ac_cv_prog_ac_ct_OBJDUMP=objdump
ac_cv_prog_ac_ct_RANLIB=ranlib
ac_cv_prog_ac_ct_STRIP=strip
ac_cv_prog_cc_c89=
ac_cv_prog_cc_g=yes
ac_cv_prog_make_make_set=yes
ac_cv_search_compress2=-lz
am_cv_CC_dependencies_compiler_type=gcc3
am_cv_make_support_nested_variables=yes
lt_cv_ar_at_file=@
lt_cv_archive_cmds_need_lc=no
lt_cv_deplibs_check_method=pass_all
lt_cv_file_magic_cmd='$MAGIC_CMD'
lt_cv_file_magic_test_file=
lt_cv_ld_reload_flag=-r
lt_cv_nm_interface='BSD nm'
lt_cv_objdir=.libs
lt_cv_path_LD=/usr/bin/ld
lt_cv_path_NM='/usr/bin/nm -B'
lt_cv_path_mainfest_tool=no
lt_cv_prog_compiler_c_o=yes
lt_cv_prog_compiler_pic='-fPIC -DPIC'
lt_cv_prog_compiler_pic_works=yes
lt_cv_prog_compiler_rtti_exceptions=no
lt_cv_prog_compiler_static_works=yes
lt_cv_prog_gnu_ld=yes
lt_cv_sharedlib_from_linklib_cmd='printf %s\n'
lt_cv_shlibpath_overrides_runpath=yes
lt_cv_sys_global_symbol_pipe='sed -n -e '\''s/^.*[	 ]\([ABCDGIRSTW][ABCDGIRSTW]*\)[	 ][	 ]*\([_A-Za-z][_A-Za-z0-9]*\)$/\1 \2 \2/p'\'' | sed '\''/ __gnu_lto/d'\'''
lt_cv_sys_global_symbol_to_c_name_address='sed -n -e '\''s/^: \([^ ]*\)[ ]*$/  {\"\1\", (void *) 0},/p'\'' -e '\''s/^[ABCDGIRSTW]* \([^ ]*\) \([^ ]*\)$/  {"\2", (void *) \&\2},/p'\'''
lt_cv_sys_global_symbol_to_c_name_address_lib_prefix='sed -n -e '\''s/^: \([^ ]*\)[ ]*$/  {\"\1\", (void *) 0},/p'\'' -e '\''s/^[ABCDGIRSTW]* \([^ ]*\) \(lib[^ ]*\)$/  {"\2", (void *) \&\2},/p'\'' -e '\''s/^[ABCDGIRSTW]* \([^ ]*\) \([^ ]*\)$/  {"lib\2", (void *) \&\2},/p'\'''
lt_cv_sys_global_symbol_to_cdecl='sed -n -e '\''s/^T .* \(.*\)$/extern int \1();/p'\'' -e '\''s/^[ABCDGIRSTW]* .* \(.*\)$/extern char \1;/p'\'''
lt_cv_sys_max_cmd_len=1572864
lt_cv_to_host_file_cmd=func_convert_file_noop
lt_cv_to_tool_file_cmd=func_convert_file_noop

## ----------------- ##
## Output variables. ##
## ----------------- ##

ACLOCAL='${SHELL} /home/fadedreamz/Desktop/fuse/fuse-libretro/libspectrum/missing aclocal-1.13'
AMDEPBACKSLASH='\'
AMDEP_FALSE='#'
AMDEP_TRUE=''
AMTAR='$${TAR-tar}'
AM_BACKSLASH='\'
AM_DEFAULT_V='$(AM_DEFAULT_VERBOSITY)'
AM_DEFAULT_VERBOSITY='0'
AM_V='$(V)'
AR='ar'
AUDIOFILE_CFLAGS=''
AUDIOFILE_CONFIG='no'
AUDIOFILE_LIBS=''
AUTOCONF='${SHELL} /home/fadedreamz/Desktop/fuse/fuse-libretro/libspectrum/missing autoconf'
AUTOHEADER='${SHELL} /home/fadedreamz/Desktop/fuse/fuse-libretro/libspectrum/missing autoheader'
AUTOMAKE='${SHELL} /home/fadedreamz/Desktop/fuse/fuse-libretro/libspectrum/missing automake-1.13'
AWK='gawk'
CC='gcc'
CCDEPMODE='depmode=gcc3'
CC_FOR_BUILD='gcc'
CFLAGS='-g -O2 -Wall -Wwrite-strings'
CPP='gcc -E'
CPPFLAGS=''
CYGPATH_W='echo'
DEFS='-DHAVE_CONFIG_H'
DEPDIR='.deps'
DLLTOOL='false'
DSYMUTIL=''
DUMPBIN=''
ECHO_C=''
ECHO_N='-n'
ECHO_T=''
EGREP='/usr/bin/grep -E'
EXEEXT=''
FGREP='/usr/bin/grep -F'
GLIB_CFLAGS=''
GLIB_LIBS=''
GREP='/usr/bin/grep'
HAVE_LOCK_FALSE='#'
HAVE_LOCK_TRUE=''
HAVE_ZLIB_FALSE='#'
HAVE_ZLIB_TRUE=''
INSTALL_DATA='${INSTALL} -m 644'
INSTALL_PROGRAM='${INSTALL}'
INSTALL_SCRIPT='${INSTALL}'
INSTALL_STRIP_PROGRAM='$(install_sh) -c -s'
LD='/usr/bin/ld -m elf_x86_64'
LDFLAGS=''
LIBOBJS=''
LIBS='-lz '
LIBSPECTRUM_COPYRIGHT='(c) 1999-2018 Philip Kendall and others'
LIBSPECTRUM_FULL_VERSION='1.4.4.0'
LIBSPECTRUM_URL='http://fuse-emulator.sourceforge.net/libspectrum.php'
LIBTOOL='$(SHELL) $(top_builddir)/libtool'
LIPO=''
LN_S='ln -s'
LTLIBOBJS=''
MAKEINFO='${SHELL} /home/fadedreamz/Desktop/fuse/fuse-libretro/libspectrum/missing makeinfo'
MANIFEST_TOOL=':'
MKDIR_P='/usr/bin/mkdir -p'
NM='/usr/bin/nm -B'
NMEDIT=''
OBJDUMP='objdump'
OBJEXT='o'
OTOOL64=''
OTOOL=''
PACKAGE='libspectrum'
PACKAGE_BUGREPORT='http://sourceforge.net/p/fuse-emulator/bugs/'
PACKAGE_NAME='libspectrum'
PACKAGE_STRING='libspectrum 1.4.4'
PACKAGE_TARNAME='libspectrum'
PACKAGE_URL='http://fuse-emulator.sourceforge.net/libspectrum.php'
PACKAGE_VERSION='1.4.4'
PATH_SEPARATOR=':'
PERL='/usr/bin/perl'
PKG_CONFIG='/usr/bin/pkg-config'
PKG_CONFIG_LIBDIR=''
PKG_CONFIG_PATH=''
RANLIB='ranlib'
SED='/usr/bin/sed'
SET_MAKE=''
SHELL='/bin/bash'
STRIP='strip'
USE_MYGLIB_FALSE='#'
USE_MYGLIB_TRUE=''
VERSION='1.4.4'
WINDRES=''
WINDRES_LDFLAGS=''
WINDRES_OBJ=''
ac_ct_AR='ar'
ac_ct_CC='gcc'
ac_ct_DUMPBIN=''
am__EXEEXT_FALSE=''
am__EXEEXT_TRUE='#'
am__fastdepCC_FALSE='#'
am__fastdepCC_TRUE=''
am__include='include'
am__isrc=''
am__leading_dot='.'
am__nodep='_no'
am__quote=''
am__tar='$${TAR-tar} chof - "$$tardir"'
am__untar='$${TAR-tar} xf -'
bindir='${exec_prefix}/bin'
build='x86_64-unknown-linux-gnu'
build_alias=''
build_cpu='x86_64'
build_os='linux-gnu'
build_vendor='unknown'
datadir='${datarootdir}'
datarootdir='${prefix}/share'
docdir='${datarootdir}/doc/${PACKAGE_TARNAME}'
dvidir='${docdir}'
exec_prefix='${prefix}'
host='x86_64-unknown-linux-gnu'
host_alias=''
host_cpu='x86_64'
host_os='linux-gnu'
host_vendor='unknown'
htmldir='${docdir}'
includedir='${prefix}/include'
infodir='${datarootdir}/info'
install_sh='${SHELL} /home/fadedreamz/Desktop/fuse/fuse-libretro/libspectrum/install-sh'
libdir='${exec_prefix}/lib'
libexecdir='${exec_prefix}/libexec'
localedir='${datarootdir}/locale'
localstatedir='${prefix}/var'
mandir='${datarootdir}/man'
mkdir_p='$(MKDIR_P)'
oldincludedir='/usr/include'
pdfdir='${docdir}'
pkgconfigdir='${libdir}/pkgconfig'
prefix='/usr/local'
program_transform_name='s,x,x,'
psdir='${docdir}'
sbindir='${exec_prefix}/sbin'
sharedstatedir='${prefix}/com'
sysconfdir='${prefix}/etc'
target_alias=''

## ----------- ##
## confdefs.h. ##
## ----------- ##

/* confdefs.h */
#define PACKAGE_NAME "libspectrum"
#define PACKAGE_TARNAME "libspectrum"
#define PACKAGE_VERSION "1.4.4"
#define PACKAGE_STRING "libspectrum 1.4.4"
#define PACKAGE_BUGREPORT "http://sourceforge.net/p/fuse-emulator/bugs/"
#define PACKAGE_URL "http://fuse-emulator.sourceforge.net/libspectrum.php"
#define PACKAGE "libspectrum"
#define VERSION "1.4.4"
#define LIBSPECTRUM_RC_VERSION 1,4,4,0
#define LIBSPECTRUM_COPYRIGHT "(c) 1999-2018 Philip Kendall and others"
#define STDC_HEADERS 1
#define HAVE_SYS_TYPES_H 1
#define HAVE_SYS_STAT_H 1
#define HAVE_STDLIB_H 1
#define HAVE_STRING_H 1
#define HAVE_MEMORY_H 1
#define HAVE_STRINGS_H 1
#define HAVE_INTTYPES_H 1
#define HAVE_STDINT_H 1
#define HAVE_UNISTD_H 1
#define HAVE_DLFCN_H 1
#define LT_OBJDIR ".libs/"
#define STDC_HEADERS 1
#define HAVE_STDINT_H 1
#define HAVE_STRINGS_H 1
#define HAVE_UNISTD_H 1
#define HAVE_SNPRINTF 1
#define HAVE_STRCASECMP 1
#define HAVE_STRNCASECMP 1
#define HAVE_ZLIB_H 1
#define HAVE_STDATOMIC_H 1

configure: exit 0
