This file contains any messages produced by compilers while
running configure, to aid debugging if configure makes a mistake.

It was created by fuse configure 1.5.7, which was
generated by GNU Autoconf 2.69.  Invocation command line was

  $ ./configure 

## --------- ##
## Platform. ##
## --------- ##

hostname = fadedreamz-MS-7C37
uname -m = x86_64
uname -r = 5.8.0-38-generic
uname -s = Linux
uname -v = #43~20.04.1-Ubuntu SMP Tue Jan 12 16:39:47 UTC 2021

/usr/bin/uname -p = x86_64
/bin/uname -X     = unknown

/bin/arch              = x86_64
/usr/bin/arch -k       = unknown
/usr/convex/getsysinfo = unknown
/usr/bin/hostinfo      = unknown
/bin/machine           = unknown
/usr/bin/oslevel       = unknown
/bin/universe          = unknown

PATH: /home/fadedreamz/.cargo/bin
PATH: /home/fadedreamz/bin
PATH: /usr/local/sbin
PATH: /usr/local/bin
PATH: /usr/sbin
PATH: /usr/bin
PATH: /sbin
PATH: /bin
PATH: /usr/games
PATH: /usr/local/games
PATH: /snap/bin


## ----------- ##
## Core tests. ##
## ----------- ##

configure:2632: checking build system type
configure:2646: result: x86_64-unknown-linux-gnu
configure:2666: checking host system type
configure:2679: result: x86_64-unknown-linux-gnu
configure:2716: checking for a BSD-compatible install
configure:2784: result: /usr/bin/install -c
configure:2795: checking whether build environment is sane
configure:2850: result: yes
configure:2999: checking for a thread-safe mkdir -p
configure:3038: result: /usr/bin/mkdir -p
configure:3045: checking for gawk
configure:3061: found /usr/bin/gawk
configure:3072: result: gawk
configure:3083: checking whether make sets $(MAKE)
configure:3105: result: yes
configure:3134: checking whether make supports nested variables
configure:3151: result: yes
configure:3288: checking whether make supports nested variables
configure:3305: result: yes
configure:3379: checking for gcc
configure:3395: found /usr/bin/gcc
configure:3406: result: gcc
configure:3635: checking for C compiler version
configure:3644: gcc --version >&5
gcc (Ubuntu 9.3.0-17ubuntu1~20.04) 9.3.0
Copyright (C) 2019 Free Software Foundation, Inc.
This is free software; see the source for copying conditions.  There is NO
warranty; not even for MERCHANTABILITY or FITNESS FOR A PARTICULAR PURPOSE.

configure:3655: $? = 0
configure:3644: gcc -v >&5
Using built-in specs.
COLLECT_GCC=gcc
COLLECT_LTO_WRAPPER=/usr/lib/gcc/x86_64-linux-gnu/9/lto-wrapper
OFFLOAD_TARGET_NAMES=nvptx-none:hsa
OFFLOAD_TARGET_DEFAULT=1
Target: x86_64-linux-gnu
Configured with: ../src/configure -v --with-pkgversion='Ubuntu 9.3.0-17ubuntu1~20.04' --with-bugurl=file:///usr/share/doc/gcc-9/README.Bugs --enable-languages=c,ada,c++,go,brig,d,fortran,objc,obj-c++,gm2 --prefix=/usr --with-gcc-major-version-only --program-suffix=-9 --program-prefix=x86_64-linux-gnu- --enable-shared --enable-linker-build-id --libexecdir=/usr/lib --without-included-gettext --enable-threads=posix --libdir=/usr/lib --enable-nls --enable-clocale=gnu --enable-libstdcxx-debug --enable-libstdcxx-time=yes --with-default-libstdcxx-abi=new --enable-gnu-unique-object --disable-vtable-verify --enable-plugin --enable-default-pie --with-system-zlib --with-target-system-zlib=auto --enable-objc-gc=auto --enable-multiarch --disable-werror --with-arch-32=i686 --with-abi=m64 --with-multilib-list=m32,m64,mx32 --enable-multilib --with-tune=generic --enable-offload-targets=nvptx-none=/build/gcc-9-HskZEa/gcc-9-9.3.0/debian/tmp-nvptx/usr,hsa --without-cuda-driver --enable-checking=release --build=x86_64-linux-gnu --host=x86_64-linux-gnu --target=x86_64-linux-gnu
Thread model: posix
gcc version 9.3.0 (Ubuntu 9.3.0-17ubuntu1~20.04) 
configure:3655: $? = 0
configure:3644: gcc -V >&5
gcc: error: unrecognized command line option '-V'
gcc: fatal error: no input files
compilation terminated.
configure:3655: $? = 1
configure:3644: gcc -qversion >&5
gcc: error: unrecognized command line option '-qversion'; did you mean '--version'?
gcc: fatal error: no input files
compilation terminated.
configure:3655: $? = 1
configure:3675: checking whether the C compiler works
configure:3697: gcc    conftest.c  >&5
configure:3701: $? = 0
configure:3749: result: yes
configure:3752: checking for C compiler default output file name
configure:3754: result: a.out
configure:3760: checking for suffix of executables
configure:3767: gcc -o conftest    conftest.c  >&5
configure:3771: $? = 0
configure:3793: result: 
configure:3815: checking whether we are cross compiling
configure:3823: gcc -o conftest    conftest.c  >&5
configure:3827: $? = 0
configure:3834: ./conftest
configure:3838: $? = 0
configure:3826: result: no
configure:3831: checking for suffix of object files
configure:3853: gcc -c   conftest.c >&5
configure:3857: $? = 0
configure:3878: result: o
configure:3882: checking whether we are using the GNU C compiler
configure:3901: gcc -c   conftest.c >&5
configure:3901: $? = 0
configure:3910: result: yes
configure:3919: checking whether gcc accepts -g
configure:3939: gcc -c -g  conftest.c >&5
configure:3939: $? = 0
configure:3980: result: yes
configure:3997: checking for gcc option to accept ISO C89
configure:4060: gcc  -c -g -O2  conftest.c >&5
configure:4060: $? = 0
configure:4073: result: none needed
configure:4098: checking whether gcc understands -c and -o together
configure:4120: gcc -c conftest.c -o conftest2.o
configure:4123: $? = 0
configure:4120: gcc -c conftest.c -o conftest2.o
configure:4123: $? = 0
configure:4135: result: yes
configure:4163: checking for style of include used by make
configure:4191: result: GNU
configure:4217: checking dependency style of gcc
configure:4328: result: gcc3
configure:4346: checking for perl
configure:4364: found /usr/bin/perl
configure:4376: result: /usr/bin/perl
configure:4390: checking for flex
configure:4420: result: no
configure:4390: checking for lex
configure:4420: result: no
configure:4552: checking for bison
configure:4582: result: no
configure:4552: checking for byacc
configure:4582: result: no
configure:4637: checking how to print strings
configure:4664: result: printf
configure:4685: checking for a sed that does not truncate output
configure:4749: result: /usr/bin/sed
configure:4767: checking for grep that handles long lines and -e
configure:4825: result: /usr/bin/grep
configure:4830: checking for egrep
configure:4892: result: /usr/bin/grep -E
configure:4897: checking for fgrep
configure:4959: result: /usr/bin/grep -F
configure:4994: checking for ld used by gcc
configure:5061: result: /usr/bin/ld
configure:5068: checking if the linker (/usr/bin/ld) is GNU ld
configure:5083: result: yes
configure:5095: checking for BSD- or MS-compatible name lister (nm)
configure:5144: result: /usr/bin/nm -B
configure:5274: checking the name lister (/usr/bin/nm -B) interface
configure:5281: gcc -c -g -O2  conftest.c >&5
configure:5284: /usr/bin/nm -B "conftest.o"
configure:5287: output
0000000000000000 B some_variable
configure:5288: result: BSD nm
configure:5291: checking whether ln -s works
configure:5295: result: yes
configure:5303: checking the maximum length of command line arguments
configure:5434: result: 1572864
configure:5451: checking whether the shell understands some XSI constructs
configure:5460: result: yes
configure:5464: checking whether the shell understands "+="
configure:5468: result: yes
configure:5503: checking how to convert x86_64-unknown-linux-gnu file names to x86_64-unknown-linux-gnu format
configure:5543: result: func_convert_file_noop
configure:5550: checking how to convert x86_64-unknown-linux-gnu file names to toolchain format
configure:5570: result: func_convert_file_noop
configure:5577: checking for /usr/bin/ld option to reload object files
configure:5584: result: -r
configure:5658: checking for objdump
configure:5674: found /usr/bin/objdump
configure:5685: result: objdump
configure:5717: checking how to recognize dependent libraries
configure:5915: result: pass_all
configure:6000: checking for dlltool
configure:6030: result: no
configure:6060: checking how to associate runtime and link libraries
configure:6087: result: printf %s\n
configure:6147: checking for ar
configure:6163: found /usr/bin/ar
configure:6174: result: ar
configure:6211: checking for archiver @FILE support
configure:6228: gcc -c -g -O2  conftest.c >&5
configure:6228: $? = 0
configure:6231: ar cru libconftest.a @conftest.lst >&5
ar: `u' modifier ignored since `D' is the default (see `U')
configure:6234: $? = 0
configure:6239: ar cru libconftest.a @conftest.lst >&5
ar: `u' modifier ignored since `D' is the default (see `U')
ar: conftest.o: No such file or directory
configure:6242: $? = 1
configure:6241: result: @
configure:6299: checking for strip
configure:6315: found /usr/bin/strip
configure:6326: result: strip
configure:6398: checking for ranlib
configure:6414: found /usr/bin/ranlib
configure:6425: result: ranlib
configure:6527: checking command to parse /usr/bin/nm -B output from gcc object
configure:6647: gcc -c -g -O2  conftest.c >&5
configure:6650: $? = 0
configure:6654: /usr/bin/nm -B conftest.o \| sed -n -e 's/^.*[ ]\([ABCDGIRSTW][ABCDGIRSTW]*\)[ ][ ]*\([_A-Za-z][_A-Za-z0-9]*\)$/\1 \2 \2/p' | sed '/ __gnu_lto/d' \> conftest.nm
configure:6657: $? = 0
configure:6723: gcc -o conftest -g -O2   conftest.c conftstm.o >&5
configure:6726: $? = 0
configure:6764: result: ok
configure:6801: checking for sysroot
configure:6831: result: no
configure:6908: gcc -c -g -O2  conftest.c >&5
configure:6911: $? = 0
configure:7100: checking for mt
configure:7116: found /usr/bin/mt
configure:7127: result: mt
configure:7150: checking if mt is a manifest tool
configure:7156: mt '-?'
configure:7164: result: no
configure:7806: checking how to run the C preprocessor
configure:7837: gcc -E  conftest.c
configure:7837: $? = 0
configure:7851: gcc -E  conftest.c
conftest.c:13:10: fatal error: ac_nonexistent.h: No such file or directory
   13 | #include <ac_nonexistent.h>
      |          ^~~~~~~~~~~~~~~~~~
compilation terminated.
configure:7851: $? = 1
configure: failed program was:
| /* confdefs.h */
| #define PACKAGE_NAME "fuse"
| #define PACKAGE_TARNAME "fuse"
| #define PACKAGE_VERSION "1.5.7"
| #define PACKAGE_STRING "fuse 1.5.7"
| #define PACKAGE_BUGREPORT "http://sourceforge.net/p/fuse-emulator/bugs/"
| #define PACKAGE_URL "http://fuse-emulator.sourceforge.net/"
| #define PACKAGE "fuse"
| #define VERSION "1.5.7"
| #define FUSE_RC_VERSION 1,5,7,0
| #define FUSE_COPYRIGHT "(c) 1999-2018 Philip Kendall and others"
| /* end confdefs.h.  */
| #include <ac_nonexistent.h>
configure:7876: result: gcc -E
configure:7896: gcc -E  conftest.c
configure:7896: $? = 0
configure:7910: gcc -E  conftest.c
conftest.c:13:10: fatal error: ac_nonexistent.h: No such file or directory
   13 | #include <ac_nonexistent.h>
      |          ^~~~~~~~~~~~~~~~~~
compilation terminated.
configure:7910: $? = 1
configure: failed program was:
| /* confdefs.h */
| #define PACKAGE_NAME "fuse"
| #define PACKAGE_TARNAME "fuse"
| #define PACKAGE_VERSION "1.5.7"
| #define PACKAGE_STRING "fuse 1.5.7"
| #define PACKAGE_BUGREPORT "http://sourceforge.net/p/fuse-emulator/bugs/"
| #define PACKAGE_URL "http://fuse-emulator.sourceforge.net/"
| #define PACKAGE "fuse"
| #define VERSION "1.5.7"
| #define FUSE_RC_VERSION 1,5,7,0
| #define FUSE_COPYRIGHT "(c) 1999-2018 Philip Kendall and others"
| /* end confdefs.h.  */
| #include <ac_nonexistent.h>
configure:7939: checking for ANSI C header files
configure:7959: gcc -c -g -O2  conftest.c >&5
configure:7959: $? = 0
configure:8032: gcc -o conftest -g -O2   conftest.c  >&5
configure:8032: $? = 0
configure:8032: ./conftest
configure:8032: $? = 0
configure:8043: result: yes
configure:8056: checking for sys/types.h
configure:8056: gcc -c -g -O2  conftest.c >&5
configure:8056: $? = 0
configure:8056: result: yes
configure:8056: checking for sys/stat.h
configure:8056: gcc -c -g -O2  conftest.c >&5
configure:8056: $? = 0
configure:8056: result: yes
configure:8056: checking for stdlib.h
configure:8056: gcc -c -g -O2  conftest.c >&5
configure:8056: $? = 0
configure:8056: result: yes
configure:8056: checking for string.h
configure:8056: gcc -c -g -O2  conftest.c >&5
configure:8056: $? = 0
configure:8056: result: yes
configure:8056: checking for memory.h
configure:8056: gcc -c -g -O2  conftest.c >&5
configure:8056: $? = 0
configure:8056: result: yes
configure:8056: checking for strings.h
configure:8056: gcc -c -g -O2  conftest.c >&5
configure:8056: $? = 0
configure:8056: result: yes
configure:8056: checking for inttypes.h
configure:8056: gcc -c -g -O2  conftest.c >&5
configure:8056: $? = 0
configure:8056: result: yes
configure:8056: checking for stdint.h
configure:8056: gcc -c -g -O2  conftest.c >&5
configure:8056: $? = 0
configure:8056: result: yes
configure:8056: checking for unistd.h
configure:8056: gcc -c -g -O2  conftest.c >&5
configure:8056: $? = 0
configure:8056: result: yes
configure:8070: checking for dlfcn.h
configure:8070: gcc -c -g -O2  conftest.c >&5
configure:8070: $? = 0
configure:8070: result: yes
configure:8276: checking for objdir
configure:8291: result: .libs
configure:8562: checking if gcc supports -fno-rtti -fno-exceptions
configure:8580: gcc -c -g -O2  -fno-rtti -fno-exceptions conftest.c >&5
cc1: warning: command line option '-fno-rtti' is valid for C++/D/ObjC++ but not for C
configure:8584: $? = 0
configure:8597: result: no
configure:8924: checking for gcc option to produce PIC
configure:8931: result: -fPIC -DPIC
configure:8939: checking if gcc PIC flag -fPIC -DPIC works
configure:8957: gcc -c -g -O2  -fPIC -DPIC -DPIC conftest.c >&5
configure:8961: $? = 0
configure:8974: result: yes
configure:9003: checking if gcc static flag -static works
configure:9031: result: yes
configure:9046: checking if gcc supports -c -o file.o
configure:9067: gcc -c -g -O2  -o out/conftest2.o conftest.c >&5
configure:9071: $? = 0
configure:9093: result: yes
configure:9101: checking if gcc supports -c -o file.o
configure:9148: result: yes
configure:9181: checking whether the gcc linker (/usr/bin/ld -m elf_x86_64) supports shared libraries
configure:10338: result: yes
configure:10375: checking whether -lc should be explicitly linked in
configure:10383: gcc -c -g -O2  conftest.c >&5
configure:10386: $? = 0
configure:10401: gcc -shared  -fPIC -DPIC conftest.o  -v -Wl,-soname -Wl,conftest -o conftest 2\>\&1 \| /usr/bin/grep  -lc  \>/dev/null 2\>\&1
configure:10404: $? = 0
configure:10418: result: no
configure:10578: checking dynamic linker characteristics
configure:11078: gcc -o conftest -g -O2   -Wl,-rpath -Wl,/foo conftest.c  >&5
configure:11078: $? = 0
configure:11312: result: GNU/Linux ld.so
configure:11419: checking how to hardcode library paths into programs
configure:11444: result: immediate
configure:11984: checking whether stripping libraries is possible
configure:11989: result: yes
configure:12024: checking if libtool supports shared libraries
configure:12026: result: yes
configure:12029: checking whether to build shared libraries
configure:12050: result: yes
configure:12053: checking whether to build static libraries
configure:12057: result: yes
configure:9329: checking whether byte ordering is bigendian
configure:9344: gcc -c -g -O2  conftest.c >&5
conftest.c:26:9: error: unknown type name 'not'
   26 |         not a universal capable compiler
      |         ^~~
conftest.c:26:15: error: expected '=', ',', ';', 'asm' or '__attribute__' before 'universal'
   26 |         not a universal capable compiler
      |               ^~~~~~~~~
conftest.c:26:15: error: unknown type name 'universal'
configure:9344: $? = 1
configure: failed program was:
| /* confdefs.h */
| #define PACKAGE_NAME "fuse"
| #define PACKAGE_TARNAME "fuse"
| #define PACKAGE_VERSION "1.5.7"
| #define PACKAGE_STRING "fuse 1.5.7"
| #define PACKAGE_BUGREPORT "http://sourceforge.net/p/fuse-emulator/bugs/"
| #define PACKAGE_URL "http://fuse-emulator.sourceforge.net/"
| #define PACKAGE "fuse"
| #define VERSION "1.5.7"
| #define FUSE_RC_VERSION 1,5,7,0
| #define FUSE_COPYRIGHT "(c) 1999-2018 Philip Kendall and others"
| #define STDC_HEADERS 1
| #define HAVE_SYS_TYPES_H 1
| #define HAVE_SYS_STAT_H 1
| #define HAVE_STDLIB_H 1
| #define HAVE_STRING_H 1
| #define HAVE_MEMORY_H 1
| #define HAVE_STRINGS_H 1
| #define HAVE_INTTYPES_H 1
| #define HAVE_STDINT_H 1
| #define HAVE_UNISTD_H 1
| #define HAVE_DLFCN_H 1
| #define LT_OBJDIR ".libs/"
| /* end confdefs.h.  */
| #ifndef __APPLE_CC__
| 	       not a universal capable compiler
| 	     #endif
| 	     typedef int dummy;
| 
configure:9389: gcc -c -g -O2  conftest.c >&5
configure:9389: $? = 0
configure:9407: gcc -c -g -O2  conftest.c >&5
conftest.c: In function 'main':
conftest.c:32:4: error: unknown type name 'not'; did you mean 'ino_t'?
   32 |    not big endian
      |    ^~~
      |    ino_t
conftest.c:32:12: error: expected '=', ',', ';', 'asm' or '__attribute__' before 'endian'
   32 |    not big endian
      |            ^~~~~~
configure:9407: $? = 1
configure: failed program was:
| /* confdefs.h */
| #define PACKAGE_NAME "fuse"
| #define PACKAGE_TARNAME "fuse"
| #define PACKAGE_VERSION "1.5.7"
| #define PACKAGE_STRING "fuse 1.5.7"
| #define PACKAGE_BUGREPORT "http://sourceforge.net/p/fuse-emulator/bugs/"
| #define PACKAGE_URL "http://fuse-emulator.sourceforge.net/"
| #define PACKAGE "fuse"
| #define VERSION "1.5.7"
| #define FUSE_RC_VERSION 1,5,7,0
| #define FUSE_COPYRIGHT "(c) 1999-2018 Philip Kendall and others"
| #define STDC_HEADERS 1
| #define HAVE_SYS_TYPES_H 1
| #define HAVE_SYS_STAT_H 1
| #define HAVE_STDLIB_H 1
| #define HAVE_STRING_H 1
| #define HAVE_MEMORY_H 1
| #define HAVE_STRINGS_H 1
| #define HAVE_INTTYPES_H 1
| #define HAVE_STDINT_H 1
| #define HAVE_UNISTD_H 1
| #define HAVE_DLFCN_H 1
| #define LT_OBJDIR ".libs/"
| /* end confdefs.h.  */
| #include <sys/types.h>
| 		#include <sys/param.h>
| 
| int
| main ()
| {
| #if BYTE_ORDER != BIG_ENDIAN
| 		 not big endian
| 		#endif
| 
|   ;
|   return 0;
| }
configure:9535: result: no
configure:9554: checking for ANSI C header files
configure:9658: result: yes
configure:9675: checking libgen.h usability
configure:9675: gcc -c -g -O2  conftest.c >&5
configure:9675: $? = 0
configure:9675: result: yes
configure:9675: checking libgen.h presence
configure:9675: gcc -E  conftest.c
configure:9675: $? = 0
configure:9675: result: yes
configure:9675: checking for libgen.h
configure:9675: result: yes
configure:9675: checking siginfo.h usability
configure:9675: gcc -c -g -O2  conftest.c >&5
conftest.c:60:10: fatal error: siginfo.h: No such file or directory
   60 | #include <siginfo.h>
      |          ^~~~~~~~~~~
compilation terminated.
configure:9675: $? = 1
configure: failed program was:
| /* confdefs.h */
| #define PACKAGE_NAME "fuse"
| #define PACKAGE_TARNAME "fuse"
| #define PACKAGE_VERSION "1.5.7"
| #define PACKAGE_STRING "fuse 1.5.7"
| #define PACKAGE_BUGREPORT "http://sourceforge.net/p/fuse-emulator/bugs/"
| #define PACKAGE_URL "http://fuse-emulator.sourceforge.net/"
| #define PACKAGE "fuse"
| #define VERSION "1.5.7"
| #define FUSE_RC_VERSION 1,5,7,0
| #define FUSE_COPYRIGHT "(c) 1999-2018 Philip Kendall and others"
| #define STDC_HEADERS 1
| #define HAVE_SYS_TYPES_H 1
| #define HAVE_SYS_STAT_H 1
| #define HAVE_STDLIB_H 1
| #define HAVE_STRING_H 1
| #define HAVE_MEMORY_H 1
| #define HAVE_STRINGS_H 1
| #define HAVE_INTTYPES_H 1
| #define HAVE_STDINT_H 1
| #define HAVE_UNISTD_H 1
| #define HAVE_DLFCN_H 1
| #define LT_OBJDIR ".libs/"
| #define STDC_HEADERS 1
| #define HAVE_LIBGEN_H 1
| /* end confdefs.h.  */
| #include <stdio.h>
| #ifdef HAVE_SYS_TYPES_H
| # include <sys/types.h>
| #endif
| #ifdef HAVE_SYS_STAT_H
| # include <sys/stat.h>
| #endif
| #ifdef STDC_HEADERS
| # include <stdlib.h>
| # include <stddef.h>
| #else
| # ifdef HAVE_STDLIB_H
| #  include <stdlib.h>
| # endif
| #endif
| #ifdef HAVE_STRING_H
| # if !defined STDC_HEADERS && defined HAVE_MEMORY_H
| #  include <memory.h>
| # endif
| # include <string.h>
| #endif
| #ifdef HAVE_STRINGS_H
| # include <strings.h>
| #endif
| #ifdef HAVE_INTTYPES_H
| # include <inttypes.h>
| #endif
| #ifdef HAVE_STDINT_H
| # include <stdint.h>
| #endif
| #ifdef HAVE_UNISTD_H
| # include <unistd.h>
| #endif
| #include <siginfo.h>
configure:9675: result: no
configure:9675: checking siginfo.h presence
configure:9675: gcc -E  conftest.c
conftest.c:27:10: fatal error: siginfo.h: No such file or directory
   27 | #include <siginfo.h>
      |          ^~~~~~~~~~~
compilation terminated.
configure:9675: $? = 1
configure: failed program was:
| /* confdefs.h */
| #define PACKAGE_NAME "fuse"
| #define PACKAGE_TARNAME "fuse"
| #define PACKAGE_VERSION "1.5.7"
| #define PACKAGE_STRING "fuse 1.5.7"
| #define PACKAGE_BUGREPORT "http://sourceforge.net/p/fuse-emulator/bugs/"
| #define PACKAGE_URL "http://fuse-emulator.sourceforge.net/"
| #define PACKAGE "fuse"
| #define VERSION "1.5.7"
| #define FUSE_RC_VERSION 1,5,7,0
| #define FUSE_COPYRIGHT "(c) 1999-2018 Philip Kendall and others"
| #define STDC_HEADERS 1
| #define HAVE_SYS_TYPES_H 1
| #define HAVE_SYS_STAT_H 1
| #define HAVE_STDLIB_H 1
| #define HAVE_STRING_H 1
| #define HAVE_MEMORY_H 1
| #define HAVE_STRINGS_H 1
| #define HAVE_INTTYPES_H 1
| #define HAVE_STDINT_H 1
| #define HAVE_UNISTD_H 1
| #define HAVE_DLFCN_H 1
| #define LT_OBJDIR ".libs/"
| #define STDC_HEADERS 1
| #define HAVE_LIBGEN_H 1
| /* end confdefs.h.  */
| #include <siginfo.h>
configure:9675: result: no
configure:9675: checking for siginfo.h
configure:9675: result: no
configure:9675: checking for strings.h
configure:9675: result: yes
configure:9675: checking sys/soundcard.h usability
configure:9675: gcc -c -g -O2  conftest.c >&5
configure:9675: $? = 0
configure:9675: result: yes
configure:9675: checking sys/soundcard.h presence
configure:9675: gcc -E  conftest.c
configure:9675: $? = 0
configure:9675: result: yes
configure:9675: checking for sys/soundcard.h
configure:9675: result: yes
configure:9675: checking sys/audio.h usability
configure:9675: gcc -c -g -O2  conftest.c >&5
conftest.c:62:10: fatal error: sys/audio.h: No such file or directory
   62 | #include <sys/audio.h>
      |          ^~~~~~~~~~~~~
compilation terminated.
configure:9675: $? = 1
configure: failed program was:
| /* confdefs.h */
| #define PACKAGE_NAME "fuse"
| #define PACKAGE_TARNAME "fuse"
| #define PACKAGE_VERSION "1.5.7"
| #define PACKAGE_STRING "fuse 1.5.7"
| #define PACKAGE_BUGREPORT "http://sourceforge.net/p/fuse-emulator/bugs/"
| #define PACKAGE_URL "http://fuse-emulator.sourceforge.net/"
| #define PACKAGE "fuse"
| #define VERSION "1.5.7"
| #define FUSE_RC_VERSION 1,5,7,0
| #define FUSE_COPYRIGHT "(c) 1999-2018 Philip Kendall and others"
| #define STDC_HEADERS 1
| #define HAVE_SYS_TYPES_H 1
| #define HAVE_SYS_STAT_H 1
| #define HAVE_STDLIB_H 1
| #define HAVE_STRING_H 1
| #define HAVE_MEMORY_H 1
| #define HAVE_STRINGS_H 1
| #define HAVE_INTTYPES_H 1
| #define HAVE_STDINT_H 1
| #define HAVE_UNISTD_H 1
| #define HAVE_DLFCN_H 1
| #define LT_OBJDIR ".libs/"
| #define STDC_HEADERS 1
| #define HAVE_LIBGEN_H 1
| #define HAVE_STRINGS_H 1
| #define HAVE_SYS_SOUNDCARD_H 1
| /* end confdefs.h.  */
| #include <stdio.h>
| #ifdef HAVE_SYS_TYPES_H
| # include <sys/types.h>
| #endif
| #ifdef HAVE_SYS_STAT_H
| # include <sys/stat.h>
| #endif
| #ifdef STDC_HEADERS
| # include <stdlib.h>
| # include <stddef.h>
| #else
| # ifdef HAVE_STDLIB_H
| #  include <stdlib.h>
| # endif
| #endif
| #ifdef HAVE_STRING_H
| # if !defined STDC_HEADERS && defined HAVE_MEMORY_H
| #  include <memory.h>
| # endif
| # include <string.h>
| #endif
| #ifdef HAVE_STRINGS_H
| # include <strings.h>
| #endif
| #ifdef HAVE_INTTYPES_H
| # include <inttypes.h>
| #endif
| #ifdef HAVE_STDINT_H
| # include <stdint.h>
| #endif
| #ifdef HAVE_UNISTD_H
| # include <unistd.h>
| #endif
| #include <sys/audio.h>
configure:9675: result: no
configure:9675: checking sys/audio.h presence
configure:9675: gcc -E  conftest.c
conftest.c:29:10: fatal error: sys/audio.h: No such file or directory
   29 | #include <sys/audio.h>
      |          ^~~~~~~~~~~~~
compilation terminated.
configure:9675: $? = 1
configure: failed program was:
| /* confdefs.h */
| #define PACKAGE_NAME "fuse"
| #define PACKAGE_TARNAME "fuse"
| #define PACKAGE_VERSION "1.5.7"
| #define PACKAGE_STRING "fuse 1.5.7"
| #define PACKAGE_BUGREPORT "http://sourceforge.net/p/fuse-emulator/bugs/"
| #define PACKAGE_URL "http://fuse-emulator.sourceforge.net/"
| #define PACKAGE "fuse"
| #define VERSION "1.5.7"
| #define FUSE_RC_VERSION 1,5,7,0
| #define FUSE_COPYRIGHT "(c) 1999-2018 Philip Kendall and others"
| #define STDC_HEADERS 1
| #define HAVE_SYS_TYPES_H 1
| #define HAVE_SYS_STAT_H 1
| #define HAVE_STDLIB_H 1
| #define HAVE_STRING_H 1
| #define HAVE_MEMORY_H 1
| #define HAVE_STRINGS_H 1
| #define HAVE_INTTYPES_H 1
| #define HAVE_STDINT_H 1
| #define HAVE_UNISTD_H 1
| #define HAVE_DLFCN_H 1
| #define LT_OBJDIR ".libs/"
| #define STDC_HEADERS 1
| #define HAVE_LIBGEN_H 1
| #define HAVE_STRINGS_H 1
| #define HAVE_SYS_SOUNDCARD_H 1
| /* end confdefs.h.  */
| #include <sys/audio.h>
configure:9675: result: no
configure:9675: checking for sys/audio.h
configure:9675: result: no
configure:9675: checking sys/audioio.h usability
configure:9675: gcc -c -g -O2  conftest.c >&5
conftest.c:62:10: fatal error: sys/audioio.h: No such file or directory
   62 | #include <sys/audioio.h>
      |          ^~~~~~~~~~~~~~~
compilation terminated.
configure:9675: $? = 1
configure: failed program was:
| /* confdefs.h */
| #define PACKAGE_NAME "fuse"
| #define PACKAGE_TARNAME "fuse"
| #define PACKAGE_VERSION "1.5.7"
| #define PACKAGE_STRING "fuse 1.5.7"
| #define PACKAGE_BUGREPORT "http://sourceforge.net/p/fuse-emulator/bugs/"
| #define PACKAGE_URL "http://fuse-emulator.sourceforge.net/"
| #define PACKAGE "fuse"
| #define VERSION "1.5.7"
| #define FUSE_RC_VERSION 1,5,7,0
| #define FUSE_COPYRIGHT "(c) 1999-2018 Philip Kendall and others"
| #define STDC_HEADERS 1
| #define HAVE_SYS_TYPES_H 1
| #define HAVE_SYS_STAT_H 1
| #define HAVE_STDLIB_H 1
| #define HAVE_STRING_H 1
| #define HAVE_MEMORY_H 1
| #define HAVE_STRINGS_H 1
| #define HAVE_INTTYPES_H 1
| #define HAVE_STDINT_H 1
| #define HAVE_UNISTD_H 1
| #define HAVE_DLFCN_H 1
| #define LT_OBJDIR ".libs/"
| #define STDC_HEADERS 1
| #define HAVE_LIBGEN_H 1
| #define HAVE_STRINGS_H 1
| #define HAVE_SYS_SOUNDCARD_H 1
| /* end confdefs.h.  */
| #include <stdio.h>
| #ifdef HAVE_SYS_TYPES_H
| # include <sys/types.h>
| #endif
| #ifdef HAVE_SYS_STAT_H
| # include <sys/stat.h>
| #endif
| #ifdef STDC_HEADERS
| # include <stdlib.h>
| # include <stddef.h>
| #else
| # ifdef HAVE_STDLIB_H
| #  include <stdlib.h>
| # endif
| #endif
| #ifdef HAVE_STRING_H
| # if !defined STDC_HEADERS && defined HAVE_MEMORY_H
| #  include <memory.h>
| # endif
| # include <string.h>
| #endif
| #ifdef HAVE_STRINGS_H
| # include <strings.h>
| #endif
| #ifdef HAVE_INTTYPES_H
| # include <inttypes.h>
| #endif
| #ifdef HAVE_STDINT_H
| # include <stdint.h>
| #endif
| #ifdef HAVE_UNISTD_H
| # include <unistd.h>
| #endif
| #include <sys/audioio.h>
configure:9675: result: no
configure:9675: checking sys/audioio.h presence
configure:9675: gcc -E  conftest.c
conftest.c:29:10: fatal error: sys/audioio.h: No such file or directory
   29 | #include <sys/audioio.h>
      |          ^~~~~~~~~~~~~~~
compilation terminated.
configure:9675: $? = 1
configure: failed program was:
| /* confdefs.h */
| #define PACKAGE_NAME "fuse"
| #define PACKAGE_TARNAME "fuse"
| #define PACKAGE_VERSION "1.5.7"
| #define PACKAGE_STRING "fuse 1.5.7"
| #define PACKAGE_BUGREPORT "http://sourceforge.net/p/fuse-emulator/bugs/"
| #define PACKAGE_URL "http://fuse-emulator.sourceforge.net/"
| #define PACKAGE "fuse"
| #define VERSION "1.5.7"
| #define FUSE_RC_VERSION 1,5,7,0
| #define FUSE_COPYRIGHT "(c) 1999-2018 Philip Kendall and others"
| #define STDC_HEADERS 1
| #define HAVE_SYS_TYPES_H 1
| #define HAVE_SYS_STAT_H 1
| #define HAVE_STDLIB_H 1
| #define HAVE_STRING_H 1
| #define HAVE_MEMORY_H 1
| #define HAVE_STRINGS_H 1
| #define HAVE_INTTYPES_H 1
| #define HAVE_STDINT_H 1
| #define HAVE_UNISTD_H 1
| #define HAVE_DLFCN_H 1
| #define LT_OBJDIR ".libs/"
| #define STDC_HEADERS 1
| #define HAVE_LIBGEN_H 1
| #define HAVE_STRINGS_H 1
| #define HAVE_SYS_SOUNDCARD_H 1
| /* end confdefs.h.  */
| #include <sys/audioio.h>
configure:9675: result: no
configure:9675: checking for sys/audioio.h
configure:9675: result: no
configure:9686: checking for an ANSI C-conforming const
configure:9752: gcc -c -g -O2  conftest.c >&5
configure:9752: $? = 0
configure:9759: result: yes
configure:9767: checking for inline
configure:9783: gcc -c -g -O2  conftest.c >&5
configure:9783: $? = 0
configure:9791: result: inline
configure:9813: checking for dirname
configure:9813: gcc -o conftest -g -O2   conftest.c  >&5
configure:9813: $? = 0
configure:9813: result: yes
configure:9813: checking for geteuid
configure:9813: gcc -o conftest -g -O2   conftest.c  >&5
configure:9813: $? = 0
configure:9813: result: yes
configure:9813: checking for getopt_long
configure:9813: gcc -o conftest -g -O2   conftest.c  >&5
configure:9813: $? = 0
configure:9813: result: yes
configure:9813: checking for fsync
configure:9813: gcc -o conftest -g -O2   conftest.c  >&5
configure:9813: $? = 0
configure:9813: result: yes
configure:9822: checking for cos in -lm
configure:9847: gcc -o conftest -g -O2   conftest.c -lm   >&5
conftest.c:40:6: warning: conflicting types for built-in function 'cos'; expected 'double(double)' [-Wbuiltin-declaration-mismatch]
   40 | char cos ();
      |      ^~~
conftest.c:1:1: note: 'cos' is declared in header '<math.h>'
    1 | /* confdefs.h */
configure:9847: $? = 0
configure:9856: result: yes
configure:9869: checking for strcasecmp() in string.h
configure:9886: gcc -o conftest -g -O2   conftest.c -lm  >&5
configure:9886: $? = 0
configure:9895: result: yes
configure:9974: checking for pkg-config
configure:9992: found /usr/bin/pkg-config
configure:10004: result: /usr/bin/pkg-config
configure:10029: checking pkg-config is at least version 0.9.0
configure:10032: result: yes
configure:10042: checking for LIBSPECTRUM
configure:10049: $PKG_CONFIG --exists --print-errors "libspectrum >= 1.4.0"
Package libspectrum was not found in the pkg-config search path.
Perhaps you should add the directory containing `libspectrum.pc'
to the PKG_CONFIG_PATH environment variable
No package 'libspectrum' found
configure:10052: $? = 1
configure:10066: $PKG_CONFIG --exists --print-errors "libspectrum >= 1.4.0"
Package libspectrum was not found in the pkg-config search path.
Perhaps you should add the directory containing `libspectrum.pc'
to the PKG_CONFIG_PATH environment variable
No package 'libspectrum' found
configure:10069: $? = 1
configure:10083: result: no
No package 'libspectrum' found
configure:10099: error: Package requirements (libspectrum >= 1.4.0) were not met:

No package 'libspectrum' found

Consider adjusting the PKG_CONFIG_PATH environment variable if you
installed software in a non-standard prefix.

Alternatively, you may set the environment variables LIBSPECTRUM_CFLAGS
and LIBSPECTRUM_LIBS to avoid the need to call pkg-config.
See the pkg-config man page for more details.

## ---------------- ##
## Cache variables. ##
## ---------------- ##

ac_cv_build=x86_64-unknown-linux-gnu
ac_cv_c_bigendian=no
ac_cv_c_compiler_gnu=yes
ac_cv_c_const=yes
ac_cv_c_inline=inline
ac_cv_env_BASH_COMPLETION_DIR_set=
ac_cv_env_BASH_COMPLETION_DIR_value=
ac_cv_env_CC_set=
ac_cv_env_CC_value=
ac_cv_env_CFLAGS_set=
ac_cv_env_CFLAGS_value=
ac_cv_env_CPPFLAGS_set=
ac_cv_env_CPPFLAGS_value=
ac_cv_env_CPP_set=
ac_cv_env_CPP_value=
ac_cv_env_GLIB_CFLAGS_set=
ac_cv_env_GLIB_CFLAGS_value=
ac_cv_env_GLIB_LIBS_set=
ac_cv_env_GLIB_LIBS_value=
ac_cv_env_GTK_CFLAGS_set=
ac_cv_env_GTK_CFLAGS_value=
ac_cv_env_GTK_LIBS_set=
ac_cv_env_GTK_LIBS_value=
ac_cv_env_LDFLAGS_set=
ac_cv_env_LDFLAGS_value=
ac_cv_env_LIBSPECTRUM_CFLAGS_set=
ac_cv_env_LIBSPECTRUM_CFLAGS_value=
ac_cv_env_LIBSPECTRUM_LIBS_set=
ac_cv_env_LIBSPECTRUM_LIBS_value=
ac_cv_env_LIBS_set=
ac_cv_env_LIBS_value=
ac_cv_env_PKG_CONFIG_LIBDIR_set=
ac_cv_env_PKG_CONFIG_LIBDIR_value=
ac_cv_env_PKG_CONFIG_PATH_set=
ac_cv_env_PKG_CONFIG_PATH_value=
ac_cv_env_PKG_CONFIG_set=
ac_cv_env_PKG_CONFIG_value=
ac_cv_env_PNG_CFLAGS_set=
ac_cv_env_PNG_CFLAGS_value=
ac_cv_env_PNG_LIBS_set=
ac_cv_env_PNG_LIBS_value=
ac_cv_env_XMKMF_set=
ac_cv_env_XMKMF_value=
ac_cv_env_XML_CFLAGS_set=
ac_cv_env_XML_CFLAGS_value=
ac_cv_env_XML_LIBS_set=
ac_cv_env_XML_LIBS_value=
ac_cv_env_YACC_set=
ac_cv_env_YACC_value=
ac_cv_env_YFLAGS_set=
ac_cv_env_YFLAGS_value=
ac_cv_env_build_alias_set=
ac_cv_env_build_alias_value=
ac_cv_env_host_alias_set=
ac_cv_env_host_alias_value=
ac_cv_env_target_alias_set=
ac_cv_env_target_alias_value=
ac_cv_func_dirname=yes
ac_cv_func_fsync=yes
ac_cv_func_geteuid=yes
ac_cv_func_getopt_long=yes
ac_cv_header_dlfcn_h=yes
ac_cv_header_inttypes_h=yes
ac_cv_header_libgen_h=yes
ac_cv_header_memory_h=yes
ac_cv_header_siginfo_h=no
ac_cv_header_stdc=yes
ac_cv_header_stdint_h=yes
ac_cv_header_stdlib_h=yes
ac_cv_header_string_h=yes
ac_cv_header_strings_h=yes
ac_cv_header_sys_audio_h=no
ac_cv_header_sys_audioio_h=no
ac_cv_header_sys_soundcard_h=yes
ac_cv_header_sys_stat_h=yes
ac_cv_header_sys_types_h=yes
ac_cv_header_unistd_h=yes
ac_cv_host=x86_64-unknown-linux-gnu
ac_cv_lib_m_cos=yes
ac_cv_objext=o
ac_cv_path_EGREP='/usr/bin/grep -E'
ac_cv_path_FGREP='/usr/bin/grep -F'
ac_cv_path_GREP=/usr/bin/grep
ac_cv_path_PERL=/usr/bin/perl
ac_cv_path_SED=/usr/bin/sed
ac_cv_path_ac_pt_PKG_CONFIG=/usr/bin/pkg-config
ac_cv_path_install='/usr/bin/install -c'
ac_cv_path_mkdir=/usr/bin/mkdir
ac_cv_prog_AWK=gawk
ac_cv_prog_CPP='gcc -E'
ac_cv_prog_ac_ct_AR=ar
ac_cv_prog_ac_ct_CC=gcc
ac_cv_prog_ac_ct_MANIFEST_TOOL=mt
ac_cv_prog_ac_ct_OBJDUMP=objdump
ac_cv_prog_ac_ct_RANLIB=ranlib
ac_cv_prog_ac_ct_STRIP=strip
ac_cv_prog_cc_c89=
ac_cv_prog_cc_g=yes
ac_cv_prog_make_make_set=yes
ac_cv_string_strcasecmp=yes
am_cv_CC_dependencies_compiler_type=gcc3
am_cv_make_support_nested_variables=yes
am_cv_prog_cc_c_o=yes
lt_cv_ar_at_file=@
lt_cv_archive_cmds_need_lc=no
lt_cv_deplibs_check_method=pass_all
lt_cv_file_magic_cmd='$MAGIC_CMD'
lt_cv_file_magic_test_file=
lt_cv_ld_reload_flag=-r
lt_cv_nm_interface='BSD nm'
lt_cv_objdir=.libs
lt_cv_path_LD=/usr/bin/ld
lt_cv_path_NM='/usr/bin/nm -B'
lt_cv_path_mainfest_tool=no
lt_cv_prog_compiler_c_o=yes
lt_cv_prog_compiler_pic='-fPIC -DPIC'
lt_cv_prog_compiler_pic_works=yes
lt_cv_prog_compiler_rtti_exceptions=no
lt_cv_prog_compiler_static_works=yes
lt_cv_prog_gnu_ld=yes
lt_cv_sharedlib_from_linklib_cmd='printf %s\n'
lt_cv_shlibpath_overrides_runpath=yes
lt_cv_sys_global_symbol_pipe='sed -n -e '\''s/^.*[	 ]\([ABCDGIRSTW][ABCDGIRSTW]*\)[	 ][	 ]*\([_A-Za-z][_A-Za-z0-9]*\)$/\1 \2 \2/p'\'' | sed '\''/ __gnu_lto/d'\'''
lt_cv_sys_global_symbol_to_c_name_address='sed -n -e '\''s/^: \([^ ]*\)[ ]*$/  {\"\1\", (void *) 0},/p'\'' -e '\''s/^[ABCDGIRSTW]* \([^ ]*\) \([^ ]*\)$/  {"\2", (void *) \&\2},/p'\'''
lt_cv_sys_global_symbol_to_c_name_address_lib_prefix='sed -n -e '\''s/^: \([^ ]*\)[ ]*$/  {\"\1\", (void *) 0},/p'\'' -e '\''s/^[ABCDGIRSTW]* \([^ ]*\) \(lib[^ ]*\)$/  {"\2", (void *) \&\2},/p'\'' -e '\''s/^[ABCDGIRSTW]* \([^ ]*\) \([^ ]*\)$/  {"lib\2", (void *) \&\2},/p'\'''
lt_cv_sys_global_symbol_to_cdecl='sed -n -e '\''s/^T .* \(.*\)$/extern int \1();/p'\'' -e '\''s/^[ABCDGIRSTW]* .* \(.*\)$/extern char \1;/p'\'''
lt_cv_sys_max_cmd_len=1572864
lt_cv_to_host_file_cmd=func_convert_file_noop
lt_cv_to_tool_file_cmd=func_convert_file_noop

## ----------------- ##
## Output variables. ##
## ----------------- ##

ACLOCAL='${SHELL} /home/fadedreamz/Desktop/fuse/fuse-libretro/fuse/missing aclocal-1.14'
AMDEPBACKSLASH='\'
AMDEP_FALSE='#'
AMDEP_TRUE=''
AMTAR='$${TAR-tar}'
AM_BACKSLASH='\'
AM_DEFAULT_V='$(AM_DEFAULT_VERBOSITY)'
AM_DEFAULT_VERBOSITY='0'
AM_V='$(V)'
AR='ar'
AUTOCONF='${SHELL} /home/fadedreamz/Desktop/fuse/fuse-libretro/fuse/missing autoconf'
AUTOHEADER='${SHELL} /home/fadedreamz/Desktop/fuse/fuse-libretro/fuse/missing autoheader'
AUTOMAKE='${SHELL} /home/fadedreamz/Desktop/fuse/fuse-libretro/fuse/missing automake-1.14'
AWK='gawk'
BASH_COMPLETION_DIR=''
BASH_COMPLETION_FALSE=''
BASH_COMPLETION_TRUE=''
BUILD_SPECCYBOOT_FALSE=''
BUILD_SPECCYBOOT_TRUE=''
BUILD_SPECTRANET_FALSE=''
BUILD_SPECTRANET_TRUE=''
CC='gcc'
CCDEPMODE='depmode=gcc3'
CFLAGS='-g -O2'
COMPAT_AMIGA_FALSE=''
COMPAT_AMIGA_TRUE=''
COMPAT_DIRNAME_FALSE=''
COMPAT_DIRNAME_TRUE=''
COMPAT_GETOPT_FALSE=''
COMPAT_GETOPT_TRUE=''
COMPAT_LINUX_FALSE=''
COMPAT_LINUX_TRUE=''
COMPAT_MORPHOS_FALSE=''
COMPAT_MORPHOS_TRUE=''
COMPAT_UNIX_FALSE=''
COMPAT_UNIX_TRUE=''
COMPAT_WII_FALSE=''
COMPAT_WII_TRUE=''
COMPAT_WIN32_FALSE=''
COMPAT_WIN32_TRUE=''
CPP='gcc -E'
CPPFLAGS=''
CYGPATH_W='echo'
DEFS=''
DEPDIR='.deps'
DESKTOP_DATADIR=''
DESKTOP_DATADIR_FALSE=''
DESKTOP_DATADIR_TRUE=''
DESKTOP_INTEGRATION_FALSE=''
DESKTOP_INTEGRATION_TRUE=''
DLLTOOL='false'
DSYMUTIL=''
DUMPBIN=''
ECHO_C=''
ECHO_N='-n'
ECHO_T=''
EGREP='/usr/bin/grep -E'
EXEEXT=''
FGREP='/usr/bin/grep -F'
FUSE_COPYRIGHT='(c) 1999-2018 Philip Kendall and others'
FUSE_FULL_VERSION='1.5.7.0'
FUSE_URL='http://fuse-emulator.sourceforge.net/'
GLIB_CFLAGS=''
GLIB_LIBS=''
GREP='/usr/bin/grep'
GROFF=''
GTK_CFLAGS=''
GTK_LIBS=''
GTK_UPDATE_ICON_CACHE=''
HAVE_GTK2_FALSE=''
HAVE_GTK2_TRUE=''
HAVE_SOCKETS_FALSE=''
HAVE_SOCKETS_TRUE=''
HAVE_TUNTAP_FALSE=''
HAVE_TUNTAP_TRUE=''
INSTALL_DATA='${INSTALL} -m 644'
INSTALL_PROGRAM='${INSTALL}'
INSTALL_SCRIPT='${INSTALL}'
INSTALL_STRIP_PROGRAM='$(install_sh) -c -s'
LD='/usr/bin/ld -m elf_x86_64'
LDFLAGS=''
LEX='${SHELL} /home/fadedreamz/Desktop/fuse/fuse-libretro/fuse/missing flex'
LEXLIB=''
LEX_OUTPUT_ROOT=''
LIBOBJS=''
LIBS='-lm '
LIBSPECTRUM_CFLAGS=''
LIBSPECTRUM_LIBS=''
LIBSPEC_HAVE_AUDIOFILE=''
LIBSPEC_HAVE_BZ2=''
LIBSPEC_HAVE_ZLIB=''
LIBTOOL='$(SHELL) $(top_builddir)/libtool'
LIPO=''
LN_S='ln -s'
LTLIBOBJS=''
MAKEINFO='${SHELL} /home/fadedreamz/Desktop/fuse/fuse-libretro/fuse/missing makeinfo'
MAN2HTML=''
MANIFEST_TOOL=':'
MKDIR_P='/usr/bin/mkdir -p'
NM='/usr/bin/nm -B'
NMEDIT=''
OBJDUMP='objdump'
OBJEXT='o'
OPTIONS_DIR=''
OTOOL64=''
OTOOL=''
PACKAGE='fuse'
PACKAGE_BUGREPORT='http://sourceforge.net/p/fuse-emulator/bugs/'
PACKAGE_NAME='fuse'
PACKAGE_STRING='fuse 1.5.7'
PACKAGE_TARNAME='fuse'
PACKAGE_URL='http://fuse-emulator.sourceforge.net/'
PACKAGE_VERSION='1.5.7'
PATH_SEPARATOR=':'
PERL='/usr/bin/perl'
PKG_CONFIG='/usr/bin/pkg-config'
PKG_CONFIG_LIBDIR=''
PKG_CONFIG_PATH=''
PNG_CFLAGS=''
PNG_LIBS=''
PTHREAD_CC=''
PTHREAD_CFLAGS=''
PTHREAD_LIBS=''
RANLIB='ranlib'
SDL_CFLAGS=''
SDL_CONFIG=''
SDL_LIBS=''
SED='/usr/bin/sed'
SET_MAKE=''
SHELL='/bin/bash'
SOUND_LIBADD=''
SOUND_LIBS=''
STRIP='strip'
TIMER_LIBADD=''
UI=''
UI_FB_FALSE=''
UI_FB_TRUE=''
UI_GTK_FALSE=''
UI_GTK_TRUE=''
UI_NULL_FALSE=''
UI_NULL_TRUE=''
UI_SDL_FALSE=''
UI_SDL_TRUE=''
UI_SVGA_FALSE=''
UI_SVGA_TRUE=''
UI_WII_FALSE=''
UI_WII_TRUE=''
UI_WIN32_FALSE=''
UI_WIN32_TRUE=''
UI_X_FALSE=''
UI_X_TRUE=''
UNIX2DOS=''
USE_WIDGET_FALSE=''
USE_WIDGET_TRUE=''
VERSION='1.5.7'
WARN_CFLAGS=''
WINDRES=''
XMKMF=''
XML_CFLAGS=''
XML_LIBS=''
X_CFLAGS=''
X_EXTRA_LIBS=''
X_LIBS=''
X_PRE_LIBS=''
YACC='yacc'
YFLAGS=' -d'
ac_ct_AR='ar'
ac_ct_CC='gcc'
ac_ct_DUMPBIN=''
am__EXEEXT_FALSE=''
am__EXEEXT_TRUE=''
am__fastdepCC_FALSE='#'
am__fastdepCC_TRUE=''
am__include='include'
am__isrc=''
am__leading_dot='.'
am__nodep='_no'
am__quote=''
am__tar='$${TAR-tar} chof - "$$tardir"'
am__untar='$${TAR-tar} xf -'
ax_pthread_config=''
bindir='${exec_prefix}/bin'
build='x86_64-unknown-linux-gnu'
build_alias=''
build_cpu='x86_64'
build_os='linux-gnu'
build_vendor='unknown'
datadir='${datarootdir}'
datarootdir='${prefix}/share'
docdir='${datarootdir}/doc/${PACKAGE_TARNAME}'
dvidir='${docdir}'
exec_prefix='NONE'
host='x86_64-unknown-linux-gnu'
host_alias=''
host_cpu='x86_64'
host_os='linux-gnu'
host_vendor='unknown'
htmldir='${docdir}'
includedir='${prefix}/include'
infodir='${datarootdir}/info'
install_sh='${SHELL} /home/fadedreamz/Desktop/fuse/fuse-libretro/fuse/install-sh'
libdir='${exec_prefix}/lib'
libexecdir='${exec_prefix}/libexec'
localedir='${datarootdir}/locale'
localstatedir='${prefix}/var'
mandir='${datarootdir}/man'
mkdir_p='$(MKDIR_P)'
oldincludedir='/usr/include'
pdfdir='${docdir}'
prefix='NONE'
program_transform_name='s,x,x,'
psdir='${docdir}'
sbindir='${exec_prefix}/sbin'
sharedstatedir='${prefix}/com'
sysconfdir='${prefix}/etc'
target_alias=''

## ----------- ##
## confdefs.h. ##
## ----------- ##

/* confdefs.h */
#define PACKAGE_NAME "fuse"
#define PACKAGE_TARNAME "fuse"
#define PACKAGE_VERSION "1.5.7"
#define PACKAGE_STRING "fuse 1.5.7"
#define PACKAGE_BUGREPORT "http://sourceforge.net/p/fuse-emulator/bugs/"
#define PACKAGE_URL "http://fuse-emulator.sourceforge.net/"
#define PACKAGE "fuse"
#define VERSION "1.5.7"
#define FUSE_RC_VERSION 1,5,7,0
#define FUSE_COPYRIGHT "(c) 1999-2018 Philip Kendall and others"
#define STDC_HEADERS 1
#define HAVE_SYS_TYPES_H 1
#define HAVE_SYS_STAT_H 1
#define HAVE_STDLIB_H 1
#define HAVE_STRING_H 1
#define HAVE_MEMORY_H 1
#define HAVE_STRINGS_H 1
#define HAVE_INTTYPES_H 1
#define HAVE_STDINT_H 1
#define HAVE_UNISTD_H 1
#define HAVE_DLFCN_H 1
#define LT_OBJDIR ".libs/"
#define STDC_HEADERS 1
#define HAVE_LIBGEN_H 1
#define HAVE_STRINGS_H 1
#define HAVE_SYS_SOUNDCARD_H 1
#define HAVE_DIRNAME 1
#define HAVE_GETEUID 1
#define HAVE_GETOPT_LONG 1
#define HAVE_FSYNC 1
#define HAVE_LIBM 1
#define HAVE_STRING_STRCASECMP 1

configure: exit 1
